dbname = /home/nrusin/inventory/Data/p.db
XLSX::new with resnick_order-2016-1-8.xlsx
ODWALLA STRAW BANANA 15.2Z   ! cmp ODWALLA SUPERFOOD 15.2Z     !=-1
CAMEL BLUE BX cmp MARL BX=-1
MARL SILVER BX cmp NEWPORT BX=-1
100 GRAND KING SIZE 2.8Z     ! cmp ALMOND JOY KING SIZE=-1
BABY RUTH KING SIZE 3.7Z     ! cmp BUTTERFINGER KING SIZE 3.7Z  !=-1
HERSHEY KING SIZE ALMOND cmp HERSHEY KING SIZE MILK=-1
M&Ms ALMOND KING 2.83Z       ! cmp M&Ms MILK CHOC KING 3.14Z    !=-1
M&Ms PEANUT KING 3.27Z       ! cmp M&Ms PRETZEL CHOC KING 2.83Z !=-1
MOUNDS KING SIZE cmp PAY DAY KING SIZE=-1
RAISINETS KING 2.8 OZ        ! cmp REESE STICK KING SIZE=-1
SKITTLES KING SIZE           ! cmp SNICKERS ALMOND KING SIZE 3.2!=-1
SNICKERS PEANUT BTR KING 3.56! cmp SWEDISH FISH *RED* 2Z SINGLE=-1
TWIX PEANUT BUTTER KING 2.8Z ! cmp TWIZZLERS KING SIZE 5Z=-1
WHATCHAMACALLIT KING SIZE cmp YORK MINIS KING 2.5Z=-1
ALTOIDS SMALLS CINNAMON cmp ALTOIDS TIN ARCTIC PEPP 1.2oz=-1
ALTOIDS TIN ARCTIC WINTGRN 1.2 cmp ALTOIDS TIN CINNAMON=-1
ALTOIDS TIN PEPPERMINT cmp ALTOIDS TIN SPEARMINT=-1
ALTOIDS TIN WINTERGREEN cmp DENTYNE FIRE CINNAMON 16PC=-1
DENTYNE ICE ARTIC CHILL 16PC cmp DENTYNE ICE SPEARMINT 16PC=-1
DENTYNE ICE WINTER CHILL 16PC cmp ECLIPSE GUM POLAR ICE 18PC=-1
ECLIPSE GUM WINTERFROST 18PC cmp EXTRA POLAR ICE SLIM PACK=-1
EXTRA SPEARMINT SLIM PACK cmp MENTOS GUM PURE FRESH SPEARMNT=-1
MENTOS ROLL RAINBOW cmp MENTOS ROLL SPEARMINT=-1
MENTOS ROLL STRAWBERRY cmp ORBIT GUM BUBBLEMINT 14 PCS=-1
ORBIT GUM CINNAMINT 14 PCS cmp ORBIT GUM PEPPERMINT 14 PCS=-1
ORBIT GUM STRAWBERRY REMIX 14P cmp ORBIT GUM SWEETMINT 14 PCS=-1
ORBIT GUM TROPICAL REMIX 14PC cmp ORBIT GUM WINTERMINT 14 PCS=-1
ORBIT WHITE BUBBLEMINT 18PC cmp ORBIT WHITE PEPPERMINT 18PC=-1
ORBIT WHITE SPEARMINT 18PC cmp STRIDE GUM SOURPATCH LIME 14PC=-1
STRIDE GUM SWEET MINT 14 PC cmp TIC TAC BIG FRUIT ADVENTURE 1Z=-1
TIC TAC BIG PACK FRESHMINT  1Z cmp TIC TAC BIG PACK ORANGE     1Z=-1
TIC TAC BIG PACK POWERMINT  1Z cmp TRIDENT LAYERS PEACH/MANGO 14P=-1
TRIDENT SPLASH ORANGE SWIRL9PC cmp TRIDENT SUPER PACK TROP/WTRMLN=-1
TRIDENT VAL-U-PAK CINNAMON cmp TRIDENT VAL-U-PAK MINT BLISS=-1
TRIDENT VAL-U-PAK MINT SWEET cmp TRIDENT VAL-U-PAK ORIGINAL=-1
TRIDENT VAL-U-PAK PASSIONBERRY cmp TRIDENT VAL-U-PAK PEPPERMINT=-1
TRIDENT VAL-U-PAK SPEARMINT cmp TRIDENT VAL-U-PAK STRAWBERRY=-1
TRIDENT VAL-U-PAK WINTERGREEN cmp TRIDENT WHITE COOL RUSH 16PC=-1
TRIDENT WHITE PEPPERMINT 16PC cmp TRIDENT WHITE SPEARMINT 16PC=-1
TRIDENT WHITE WINTERGREEN 16PC cmp WRIGLEY 5 RPM MINT 15PC=-1
WRIGLEY DOUBLEMINT SLIM PACK cmp WRIGLEY JUICY FRUIT SLIM PACK=-1
WRIGLEY SPEARMINT SLIM PACK cmp WRIGLEY WINTERFRESH SLIM PACK=-1
LIFESAVER 88501 5-FLAVOR PEG cmp M&Ms MILK CHOC PEG 5.3Z      !=-1
M&Ms PEANUT PEG 5.3Z         ! cmp SOUR PATCH EXTREME PEG 7.2Z=-1
SOUR PATCH KIDS 6225 PEG 5Z cmp STARBURST 14114 CHEW PEG 7.2!=-1
STARBURST GUMMI DUOS PEG 6Z cmp TWIZZLERS 54400 LICORICE 7Z=-1
TWIZZLERS 54402 STRAWBERRY 7Z cmp TWIZZLERS 54423 CHERRY BITES7Z=-1
WELCH'S FRUIT'N YOGURT STRW 5Z cmp WELCH'S FRUIT'N YOUGRT BLUE 5Z=-1
J & J BABY TAKE-A-LONG KIT 6P! cmp TAMPAX 10'S REGULAR          !=-1
TAMPAX 10s SUPER             ! cmp STAYFREE MAXI W.WINGS 18CT   !=1
M&Ms PRETZEL CHOC KING 2.83Z ! cmp MOUNDS KING SIZE=-1
M&Ms MILK CHOC KING 3.14Z    ! cmp M&Ms PEANUT KING 3.27Z       !=-1
HERSHEY KING SIZE MILK cmp M&Ms ALMOND KING 2.83Z       !=-1
BUTTERFINGER KING SIZE 3.7Z  ! cmp HERSHEY KING SIZE ALMOND=-1
ALMOND JOY KING SIZE cmp BABY RUTH KING SIZE 3.7Z     !=-1
MARL BX cmp MARL SILVER BX=-1
PAY DAY KING SIZE cmp RAISINETS KING 2.8 OZ        !=-1
REESE STICK KING SIZE cmp SKITTLES KING SIZE           !=-1
SNICKERS ALMOND KING SIZE 3.2! cmp SNICKERS PEANUT BTR KING 3.56!=-1
SWEDISH FISH *RED* 2Z SINGLE cmp TWIX PEANUT BUTTER KING 2.8Z !=-1
TWIZZLERS KING SIZE 5Z cmp WHATCHAMACALLIT KING SIZE=-1
YORK MINIS KING 2.5Z cmp ALTOIDS SMALLS CINNAMON=1
MENTOS GUM PURE FRESH SPEARMNT cmp MENTOS ROLL RAINBOW=-1
EXTRA POLAR ICE SLIM PACK cmp EXTRA SPEARMINT SLIM PACK=-1
ECLIPSE GUM POLAR ICE 18PC cmp ECLIPSE GUM WINTERFROST 18PC=-1
DENTYNE ICE SPEARMINT 16PC cmp DENTYNE ICE WINTER CHILL 16PC=-1
DENTYNE FIRE CINNAMON 16PC cmp DENTYNE ICE ARTIC CHILL 16PC=-1
ALTOIDS TIN SPEARMINT cmp ALTOIDS TIN WINTERGREEN=-1
ALTOIDS TIN CINNAMON cmp ALTOIDS TIN PEPPERMINT=-1
ALTOIDS TIN ARCTIC PEPP 1.2oz cmp ALTOIDS TIN ARCTIC WINTGRN 1.2=-1
MENTOS ROLL SPEARMINT cmp MENTOS ROLL STRAWBERRY=-1
ORBIT GUM BUBBLEMINT 14 PCS cmp ORBIT GUM CINNAMINT 14 PCS=-1
ORBIT GUM PEPPERMINT 14 PCS cmp ORBIT GUM STRAWBERRY REMIX 14P=-1
ORBIT GUM SWEETMINT 14 PCS cmp ORBIT GUM TROPICAL REMIX 14PC=-1
ORBIT GUM WINTERMINT 14 PCS cmp ORBIT WHITE BUBBLEMINT 18PC=-1
ORBIT WHITE PEPPERMINT 18PC cmp ORBIT WHITE SPEARMINT 18PC=-1
STRIDE GUM SOURPATCH LIME 14PC cmp STRIDE GUM SWEET MINT 14 PC=-1
TIC TAC BIG FRUIT ADVENTURE 1Z cmp TIC TAC BIG PACK FRESHMINT  1Z=-1
TIC TAC BIG PACK ORANGE     1Z cmp TIC TAC BIG PACK POWERMINT  1Z=-1
TRIDENT LAYERS PEACH/MANGO 14P cmp TRIDENT SPLASH ORANGE SWIRL9PC=-1
TRIDENT SUPER PACK TROP/WTRMLN cmp TRIDENT VAL-U-PAK CINNAMON=-1
TRIDENT VAL-U-PAK MINT BLISS cmp TRIDENT VAL-U-PAK MINT SWEET=-1
TRIDENT VAL-U-PAK ORIGINAL cmp TRIDENT VAL-U-PAK PASSIONBERRY=-1
TRIDENT VAL-U-PAK PEPPERMINT cmp TRIDENT VAL-U-PAK SPEARMINT=-1
TRIDENT VAL-U-PAK STRAWBERRY cmp TRIDENT VAL-U-PAK WINTERGREEN=-1
TRIDENT WHITE COOL RUSH 16PC cmp TRIDENT WHITE PEPPERMINT 16PC=-1
TRIDENT WHITE SPEARMINT 16PC cmp TRIDENT WHITE WINTERGREEN 16PC=-1
WRIGLEY 5 RPM MINT 15PC cmp WRIGLEY DOUBLEMINT SLIM PACK=-1
WRIGLEY JUICY FRUIT SLIM PACK cmp WRIGLEY SPEARMINT SLIM PACK=-1
WRIGLEY WINTERFRESH SLIM PACK cmp LIFESAVER 88501 5-FLAVOR PEG=1
LIL DRUG 3DOSE TYLE ES CAP 6CT cmp LIL DRUG 3 DOSE DAYQL SER 6CT!=1
LIL DRUG 3 DOSE NYQUIL 6CT   ! cmp LIL DRUG 3 DOSE ADVIL 6CT    !=1
LIL DRUG 3 DOSE ALEVE 3CT    ! cmp ADVIL LIQUI-GELS   20ct      !=1
ADVIL MIGRANE CAPLET 20ct cmp ADVIL TABS 24'S              !=-1
ALEVE CAPLETS 24ct           ! cmp ALEVE TABLETS 24ct           !=-1
ALEVE LIQUID GELS 20CT cmp MOTRIN IB PM CAPLETS 20ct    !=-1
ADVIL TABLETS VIAL PEG 10'S  ! cmp TYLENOL X-STR CAPLETS 24S    !=-1
TYLENOL CLD/FLU SEVERE 24CT cmp ADVIL CONGESTION RELIEF 10CT !=1
BENADRYL ALLGRY ULTRATAB 24CT cmp J & J BAND AID TRAVEL CLR 8'S!=-1
DRAMAMINE CHEWABLE ORANGE 8CT cmp DRAMAMINE LESS DROWSY CARD 8CT=-1
DRAMAMINE TABLET VIAL 12 CT  ! cmp ZANTAC 150 TABLET 8ct=-1
KLEENEX POCKET PACK 10CT/3PLY! cmp AQUAFRESH EXFRSH+WHITENING 3z!=1
PEPTO BISMOL 4 OZ BOTTLE     ! cmp PEPTO BISMOL TABS 30'S REG   !=-1
MIDOL COMPLETE CAPLETS 16ct cmp EAR PLUG CHILDRENS EAR PLANES!=1
EAR PLUG EARPLANES           ! cmp JOHNSON'S BABY LOTION 3Z     !=-1
J & J BABY POWDER 4 OZ       ! cmp JOHNSON'S BABY SHAMPOO 3Z    !=-1
NEOSPORIN OINTMENT .5Z       ! cmp VISINE A.C. BOTTLE .5OZ      !=-1
UNISOM SLEEP GELS 8S         ! cmp AIRBORNE CHEWABLE BERRY 32PC=1
AIRBORNE ORANGE 10 PIECE     ! cmp AFRIN SPRAY .5 OZ            !=1
LINT ROLLER - MINI - 30'S    ! cmp LADY SPEED STICK A/P 2.3Z SHW!=1
COLGATE TOOTHPASTE 2.8Z      ! cmp COLGATE WISP CM WHITENING 4PK!=-1
COLGATE WISP PEPPERMINT 4PK  ! cmp OLD SPICE DEOD PURE SPRT 2.2Z!=-1
COPPERTONE SPORT SPF 30 3oz! cmp AXE DEODORANT TRAVEL SIZE 1Z !=1
LIFESTYLES KYNG GOLD 3'S     ! cmp LIFESTYLES SKYN 3'S          !=-1
AVEENO DAILY LOTION 2.5Z     ! cmp AQUAPHOR OINTMENT 1.75Z      !=1
VASELINE TTL MOIST LOTION 3Z ! cmp 5-HOUR ENERGY BERRY 2Z       !=1
5-HOUR ENERGY EX STR BERRY 2Z cmp 5-HOUR ENERGY GRAPE 2Z       !=-1
5-HOUR ENERGY LEMON LIME 2Z  ! cmp 5-HOUR ENERGY ORANGE 2Z      !=-1
LIL ESSEN GILLETTE SHAVING KI! cmp LIL ESSEN LUBRIDERM LOTION 1Z!=-1
LIL ESSEN PERT PLUS SHAMP 2Z ! cmp LIL ESSEN REFRESH TEARS .1Z  !=-1
LIL ESSEN CLEAR EYES 2 OZ    ! cmp LIL ESSEN TOOTHBRSH&PASTE .85!=-1
SP HALLS BAGS DEFENSE WAT 30CT cmp SP HALLS BAGS HONEY LEMON 30CT=-1
SP HALLS BAGS MENT LYPTUS 30CT cmp SP HALLS BAGS TROP FRUIT 30CT=-1
HALLS PLUS CHERRY STICK 9CT cmp HALLS PLUS HONEY LEMON STICK 9=-1
HALLS STICK CHERRY 9 PCS cmp HALLS STICK HONEY-LEMON 9 PCS=-1
HALLS STICK ICE-PEPPERMINT 9PC cmp HALLS STICK SPEARMINT 9 PCS=-1
HALLS STICK STRAWBERRY 9 PCS cmp TUMS SMOOTHIES ASST FRT BOTTLE=-1
ADVIL CAPLETS 24'S           ! cmp BAUSCH & LOMB MULTIPLUS 4Z   !=-1
ROLAIDS EXTRA TABLETS FRUIT cmp ROLAIDS EXTRA TABLETS MINT 10c=-1
ROLAIDS ULTRA TABLETS FRUIT 10 cmp SCUNCI BLACK ELASTICS 12CT   !=-1
SCUNCI EMERY BOARDS 10CT     ! cmp SCUNCI NAIL CLIPPER W/FILE   !=-1
BIC BRITE LINER YELLOW 2PK   ! cmp MEAD MEMO PAD WIRE 3X5 60CT  !=-1
MEAD NOTEBOOK 5STAR WIRE 100C! cmp MEAD NOTEBOOK WIRE 70 PG 10X8!=-1
LUNCHABLES HAM+SWISS/CRK 4.5Z! cmp LUNCHABLES TURKEY & AM CH 8.9z=-1
SUNCHIPS XVL CHEDDAR 2.75Z   ! cmp LAY'S XVL REGULAR 2.5Z       !=1
HALLS PLUS HONEY LEMON STICK 9 cmp HALLS STICK CHERRY 9 PCS=-1
SP HALLS BAGS TROP FRUIT 30CT cmp HALLS PLUS CHERRY STICK 9CT=1
SCUNCI NAIL CLIPPER W/FILE   ! cmp SCUNCI VENT BRUSH            !=-1
SCUNCI BLACK ELASTICS 12CT   ! cmp SCUNCI EMERY BOARDS 10CT     !=-1
ROLAIDS EXTRA TABLETS MINT 10c cmp ROLAIDS ULTRA TABLETS FRUIT 10=-1
BAUSCH & LOMB MULTIPLUS 4Z   ! cmp ROLAIDS EXTRA TABLETS FRUIT=-1
TUMS SMOOTHIES ASST FRT BOTTLE cmp ADVIL CAPLETS 24'S           !=1
LUNCHABLE PEPP PIZZA 10.8Z   ! cmp LUNCHABLES HAM+SWISS/CRK 4.5Z!=-1
MEAD NOTEBOOK WIRE 70 PG 10X8! cmp SCOTCH MAGIC TAPE 3/4 X 300  !=-1
MEAD MEMO PAD WIRE 3X5 60CT  ! cmp MEAD NOTEBOOK 5STAR WIRE 100C!=-1
DORITOS XVL NACHO 2.875Z     ! cmp DORITOS XVL COOL RANCH 2.875Z!=1
FRITO XVL CORN CHIP ORIG 4Z ! cmp CHEETOS XVL CRUNCHY 3.25Z=1
CHEEZ-IT ORIGINAL 7Z BAG cmp CHEEZ-IT CHEDDAR JACK 7Z BAG=1
CHEEZ-IT SNKMX DBL CHEESE 3.5Z cmp CHEEZ-IT SNKMX ORIGINAL 4.5Z=-1
CHEX MIX 35181 TRAD *3.75Z* cmp CHEX MIX 35182 CHEDDAR 3.75Z=-1
CHEX MIX 35183 BOLD PARTY3.75Z cmp CHEX MIX 35184 HOT'N SPI 3.75Z=-1
CHEX MIX 35185 CRMEL CRNCH3.75 cmp CHEX MIX 16795 CHOCOLATEPB4.5Z=1
TGI FRIDAY CHD&SC POT SKIN 3Z! cmp CHIPS AHOY MINI SNAK-SAK 8Z=1
TEDDY GRAHAMS HNY SNAK-SAK 8Z cmp SAHALE SNACKS CASHEW/POMEG 4Z=1
SAHALE SNACKS HONEY/ALMOND 4Z cmp SAHALE SNACKS MAPLE PECANS 4Z=-1
BUGLES 14751 CARAMEL 3.5Z cmp BUGLES 28086 ORIGINAL 3Z=-1
BUGLES 28087 NACHO 3Z cmp WONDERFUL PIST LITE SALT 8Z  !=-1
FLIPZ 054 WHITE FUDGE PRETZ 5Z cmp COMBOS LG CHED CH CRK 6.3Z!=1
COMBOS LG CHED CH PRETZ 6.3z ! cmp COMBOS LG PEPP PIZZA CRK 6.3z!=-1
KEEBLER CHEESE/CHEDDAR 8CT cmp KEEBLER CHEESE/PB CRKR 8CT=-1
KEEBLER TOAST/PB CRACKER 8CT cmp RICKLAND COATED PRETZELS 6.5Z!=-1
SNYDERS PRETZ SAND CHEESE 2.2Z cmp SNYDERS PRETZ SAND PB 2.2Z=-1
SNYDERS PRETZ SSS HNY/MST 3.5Z cmp SNYDERS PRETZ SSS MINIS 3.5Z=-1
SNYDERS PRETZ SSS NIBS 3.5Z cmp SNYDERS PRETZ SSS OLDTYM 2.75Z=-1
ODWALLA BAR BANANA NUT 2Z cmp ODWALLA BAR CHOC CHIP PNUT 2Z=-1
ODWALLA BAR BERRIES GO MEGA 2Z cmp POWER BAR HARVEST STRAW 2.3Z !=-1
POWER BAR OATMEAL RAISIN 2.3Z! cmp POWER BAR CHOC PNUT BUTTR 2.3!=1
NAT VAL OATS & HON 1.5Z     ! cmp NAT VAL PNUT BUTT 1.5Z      !=-1
LUNA BAR LEMON ZEST 1.69Z cmp LUNA BAR NUTZ OVER CHOC 1.69Z=-1
LUNA BAR SMORES 1.69 OZ cmp ZONEPERFECT BAR DK CHOC/ALMOND=-1
ZONEPERFECT BAR FUDGE GRAHM cmp CLIF BAR CH.CHP PNUT 2.4 OZ=1
CLIF BAR CRUNCH PNUT BUTR 2.4Z cmp CLIF BAR OATMEAL RAISIN WNT2.4=-1
CLIF BAR WH CHOC MACADAMIA 2.4 cmp KIND ALMOND & APRICOT 1.4Z=-1
KIND ALMOND & COCONUT 1.4Z cmp KIND DK CHOC & SEA SALT 1.4Z=-1
KIND DK CHOC CHERRY CASHEW 1.4 cmp KIND PB & STRAWBERRY 1.4Z=-1
KIND PB&DK CHOC W/PROTEIN 1.4Z cmp KIND PLUS ALMOND CASHEW 1.4Z=-1
KIND PLUS CRANBRY ALMOND 1.4Z cmp BALANCE BAR CHOCOLATE=1
BALANCE BAR GOLD CARAMEL NUT cmp SKINNY GIRL BAN OAT CHOC 1.4Z!=-1
BLISTEX BERRY BALM 24CT REFIL! cmp BLISTEX LIP BALM .15Z CARDED !=-1
BLISTEX MINT BALM 24CT REFIL ! cmp BLISTEX MOISTURE .15Z CARDED !=-1
DENTYNE MINTS ICE PEPP 50 PC cmp FRUIT VINES BITES STRAWBERY 5Z=-1
GARDETTOS 43024 CHIPOLE CHED5. cmp GARDETTOS 43036 ROASTD GARLC4.=-1
ICEBREAKERS FROST PEPPERMINT cmp ICEBREAKERS FROST WINTERCOOL=-1
LIFESAVER WILD CHERRY cmp LIFESAVER WINTERGREEN=-1
LISTERINE COOL MINT 95ml     ! cmp LISTERINE ORIGINAL 95ML      !=-1
NUTELLA & GO! 1.8Z cmp NUTRI-GRAIN BLUEBERRY 1.3Z=-1
PURELL ALOE FORMULA      2OZ ! cmp PURELL ORIGINAL FORMULA 2 OZ !=-1
ROBITUSSIN DM LIQUID CAPS 20CT cmp ROLIADS REG TABLETS MINT 12ct=-1
SUNDIA FRUIT CUP PINEAPPLE 7z! cmp SUNDIA FRUIT CUP TROPICAL 7z!=-1
ALTOIDS SMALLS CINNAMON cmp 100 GRAND KING SIZE 2.8Z     !=1
ALTOIDS SMALLS CINNAMON cmp BABY RUTH KING SIZE 3.7Z     !=-1
ALTOIDS SMALLS CINNAMON cmp ALMOND JOY KING SIZE=1
BABY RUTH KING SIZE 3.7Z     ! cmp ALTOIDS TIN ARCTIC PEPP 1.2oz=1
BABY RUTH KING SIZE 3.7Z     ! cmp ALTOIDS TIN ARCTIC WINTGRN 1.2=1
BABY RUTH KING SIZE 3.7Z     ! cmp ALTOIDS TIN CINNAMON=1
BABY RUTH KING SIZE 3.7Z     ! cmp ALTOIDS TIN PEPPERMINT=1
BABY RUTH KING SIZE 3.7Z     ! cmp ALTOIDS TIN SPEARMINT=1
BABY RUTH KING SIZE 3.7Z     ! cmp ALTOIDS TIN WINTERGREEN=1
BABY RUTH KING SIZE 3.7Z     ! cmp DENTYNE FIRE CINNAMON 16PC=-1
BUTTERFINGER KING SIZE 3.7Z  ! cmp DENTYNE FIRE CINNAMON 16PC=-1
DENTYNE FIRE CINNAMON 16PC cmp HERSHEY KING SIZE ALMOND=-1
HERSHEY KING SIZE ALMOND cmp DENTYNE ICE ARTIC CHILL 16PC=1
HERSHEY KING SIZE ALMOND cmp DENTYNE ICE SPEARMINT 16PC=1
HERSHEY KING SIZE ALMOND cmp DENTYNE ICE WINTER CHILL 16PC=1
HERSHEY KING SIZE ALMOND cmp ECLIPSE GUM POLAR ICE 18PC=1
HERSHEY KING SIZE ALMOND cmp ECLIPSE GUM WINTERFROST 18PC=1
HERSHEY KING SIZE ALMOND cmp EXTRA POLAR ICE SLIM PACK=1
HERSHEY KING SIZE ALMOND cmp EXTRA SPEARMINT SLIM PACK=1
HERSHEY KING SIZE ALMOND cmp MENTOS ROLL RAINBOW=-1
HERSHEY KING SIZE ALMOND cmp MENTOS GUM PURE FRESH SPEARMNT=-1
HERSHEY KING SIZE MILK cmp MENTOS GUM PURE FRESH SPEARMNT=-1
MENTOS GUM PURE FRESH SPEARMNT cmp M&Ms ALMOND KING 2.83Z       !=1
MENTOS GUM PURE FRESH SPEARMNT cmp M&Ms MILK CHOC KING 3.14Z    !=1
MENTOS GUM PURE FRESH SPEARMNT cmp M&Ms PEANUT KING 3.27Z       !=1
MENTOS GUM PURE FRESH SPEARMNT cmp M&Ms PRETZEL CHOC KING 2.83Z !=1
MENTOS GUM PURE FRESH SPEARMNT cmp MOUNDS KING SIZE=-1
MOUNDS KING SIZE cmp MENTOS ROLL RAINBOW=1
MOUNDS KING SIZE cmp MENTOS ROLL SPEARMINT=1
MOUNDS KING SIZE cmp MENTOS ROLL STRAWBERRY=1
MOUNDS KING SIZE cmp ORBIT GUM BUBBLEMINT 14 PCS=-1
PAY DAY KING SIZE cmp ORBIT GUM BUBBLEMINT 14 PCS=1
PAY DAY KING SIZE cmp ORBIT GUM CINNAMINT 14 PCS=1
PAY DAY KING SIZE cmp ORBIT GUM PEPPERMINT 14 PCS=1
PAY DAY KING SIZE cmp ORBIT GUM STRAWBERRY REMIX 14P=1
PAY DAY KING SIZE cmp ORBIT GUM SWEETMINT 14 PCS=1
PAY DAY KING SIZE cmp ORBIT GUM TROPICAL REMIX 14PC=1
PAY DAY KING SIZE cmp ORBIT GUM WINTERMINT 14 PCS=1
PAY DAY KING SIZE cmp ORBIT WHITE PEPPERMINT 18PC=1
PAY DAY KING SIZE cmp TIC TAC BIG FRUIT ADVENTURE 1Z=-1
PAY DAY KING SIZE cmp STRIDE GUM SOURPATCH LIME 14PC=-1
PAY DAY KING SIZE cmp ORBIT WHITE SPEARMINT 18PC=1
RAISINETS KING 2.8 OZ        ! cmp STRIDE GUM SOURPATCH LIME 14PC=-1
STRIDE GUM SOURPATCH LIME 14PC cmp REESE STICK KING SIZE=1
STRIDE GUM SOURPATCH LIME 14PC cmp SKITTLES KING SIZE           !=1
STRIDE GUM SOURPATCH LIME 14PC cmp SNICKERS ALMOND KING SIZE 3.2!=1
STRIDE GUM SOURPATCH LIME 14PC cmp SNICKERS PEANUT BTR KING 3.56!=1
STRIDE GUM SOURPATCH LIME 14PC cmp SWEDISH FISH *RED* 2Z SINGLE=-1
SWEDISH FISH *RED* 2Z SINGLE cmp STRIDE GUM SWEET MINT 14 PC=1
SWEDISH FISH *RED* 2Z SINGLE cmp TIC TAC BIG FRUIT ADVENTURE 1Z=-1
TWIX PEANUT BUTTER KING 2.8Z ! cmp TIC TAC BIG FRUIT ADVENTURE 1Z=1
TWIX PEANUT BUTTER KING 2.8Z ! cmp TIC TAC BIG PACK FRESHMINT  1Z=1
TWIX PEANUT BUTTER KING 2.8Z ! cmp TIC TAC BIG PACK ORANGE     1Z=1
TWIX PEANUT BUTTER KING 2.8Z ! cmp TIC TAC BIG PACK POWERMINT  1Z=1
TWIX PEANUT BUTTER KING 2.8Z ! cmp TRIDENT LAYERS PEACH/MANGO 14P=1
TWIX PEANUT BUTTER KING 2.8Z ! cmp TRIDENT SPLASH ORANGE SWIRL9PC=1
TWIX PEANUT BUTTER KING 2.8Z ! cmp TRIDENT SUPER PACK TROP/WTRMLN=1
TWIX PEANUT BUTTER KING 2.8Z ! cmp TRIDENT VAL-U-PAK MINT BLISS=1
TWIX PEANUT BUTTER KING 2.8Z ! cmp TRIDENT VAL-U-PAK PEPPERMINT=1
TWIX PEANUT BUTTER KING 2.8Z ! cmp WRIGLEY 5 RPM MINT 15PC=-1
TWIX PEANUT BUTTER KING 2.8Z ! cmp TRIDENT WHITE COOL RUSH 16PC=1
TWIX PEANUT BUTTER KING 2.8Z ! cmp TRIDENT WHITE SPEARMINT 16PC=1
TWIX PEANUT BUTTER KING 2.8Z ! cmp TRIDENT WHITE WINTERGREEN 16PC=1
TWIZZLERS KING SIZE 5Z cmp WRIGLEY 5 RPM MINT 15PC=-1
WRIGLEY 5 RPM MINT 15PC cmp WHATCHAMACALLIT KING SIZE=1
WRIGLEY 5 RPM MINT 15PC cmp YORK MINIS KING 2.5Z=-1
YORK MINIS KING 2.5Z cmp WRIGLEY DOUBLEMINT SLIM PACK=1
YORK MINIS KING 2.5Z cmp WRIGLEY JUICY FRUIT SLIM PACK=1
YORK MINIS KING 2.5Z cmp WRIGLEY SPEARMINT SLIM PACK=1
YORK MINIS KING 2.5Z cmp WRIGLEY WINTERFRESH SLIM PACK=1
LIFESAVER 88501 5-FLAVOR PEG cmp M&Ms PEANUT PEG 5.3Z         !=-1
M&Ms PEANUT PEG 5.3Z         ! cmp M&Ms MILK CHOC PEG 5.3Z      !=1
LIFESAVER 88501 5-FLAVOR PEG cmp 100 GRAND KING SIZE 2.8Z     !=1
LIFESAVER 88501 5-FLAVOR PEG cmp ALTOIDS SMALLS CINNAMON=1
LIFESAVER 88501 5-FLAVOR PEG cmp ALTOIDS TIN PEPPERMINT=1
LIFESAVER 88501 5-FLAVOR PEG cmp DENTYNE ICE WINTER CHILL 16PC=1
LIFESAVER 88501 5-FLAVOR PEG cmp ORBIT GUM BUBBLEMINT 14 PCS=-1
LIFESAVER 88501 5-FLAVOR PEG cmp M&Ms MILK CHOC KING 3.14Z    !=-1
LIFESAVER 88501 5-FLAVOR PEG cmp EXTRA SPEARMINT SLIM PACK=1
LIFESAVER 88501 5-FLAVOR PEG cmp HERSHEY KING SIZE MILK=1
LIFESAVER 88501 5-FLAVOR PEG cmp M&Ms ALMOND KING 2.83Z       !=-1
M&Ms ALMOND KING 2.83Z       ! cmp M&Ms MILK CHOC PEG 5.3Z      !=-1
M&Ms MILK CHOC PEG 5.3Z      ! cmp M&Ms MILK CHOC KING 3.14Z    !=1
M&Ms MILK CHOC PEG 5.3Z      ! cmp M&Ms PEANUT KING 3.27Z       !=-1
M&Ms PEANUT KING 3.27Z       ! cmp M&Ms PEANUT PEG 5.3Z         !=-1
M&Ms PEANUT PEG 5.3Z         ! cmp M&Ms PRETZEL CHOC KING 2.83Z !=-1
M&Ms PRETZEL CHOC KING 2.83Z ! cmp SOUR PATCH EXTREME PEG 7.2Z=-1
SOUR PATCH EXTREME PEG 7.2Z cmp MENTOS GUM PURE FRESH SPEARMNT=1
SOUR PATCH EXTREME PEG 7.2Z cmp MENTOS ROLL RAINBOW=1
SOUR PATCH EXTREME PEG 7.2Z cmp MENTOS ROLL SPEARMINT=1
SOUR PATCH EXTREME PEG 7.2Z cmp MENTOS ROLL STRAWBERRY=1
SOUR PATCH EXTREME PEG 7.2Z cmp MOUNDS KING SIZE=1
SOUR PATCH EXTREME PEG 7.2Z cmp ORBIT GUM BUBBLEMINT 14 PCS=1
SOUR PATCH EXTREME PEG 7.2Z cmp ORBIT GUM PEPPERMINT 14 PCS=1
SOUR PATCH EXTREME PEG 7.2Z cmp ORBIT GUM WINTERMINT 14 PCS=1
SOUR PATCH EXTREME PEG 7.2Z cmp SNICKERS ALMOND KING SIZE 3.2!=1
SOUR PATCH EXTREME PEG 7.2Z cmp TRIDENT VAL-U-PAK PASSIONBERRY=-1
SOUR PATCH EXTREME PEG 7.2Z cmp TIC TAC BIG PACK POWERMINT  1Z=-1
SOUR PATCH EXTREME PEG 7.2Z cmp SWEDISH FISH *RED* 2Z SINGLE=-1
SOUR PATCH EXTREME PEG 7.2Z cmp STRIDE GUM SOURPATCH LIME 14PC=-1
SOUR PATCH EXTREME PEG 7.2Z cmp SNICKERS PEANUT BTR KING 3.56!=1
SOUR PATCH KIDS 6225 PEG 5Z cmp STARBURST GUMMI DUOS PEG 6Z=-1
STARBURST GUMMI DUOS PEG 6Z cmp STARBURST 14114 CHEW PEG 7.2!=1
SOUR PATCH KIDS 6225 PEG 5Z cmp TWIZZLERS 54402 STRAWBERRY 7Z=-1
TWIZZLERS 54402 STRAWBERRY 7Z cmp STARBURST 14114 CHEW PEG 7.2!=1
TWIZZLERS 54402 STRAWBERRY 7Z cmp STARBURST GUMMI DUOS PEG 6Z=1
TWIZZLERS 54402 STRAWBERRY 7Z cmp TWIZZLERS 54400 LICORICE 7Z=1
SOUR PATCH KIDS 6225 PEG 5Z cmp 100 GRAND KING SIZE 2.8Z     !=1
SOUR PATCH KIDS 6225 PEG 5Z cmp ALTOIDS SMALLS CINNAMON=1
SOUR PATCH KIDS 6225 PEG 5Z cmp ALTOIDS TIN PEPPERMINT=1
SOUR PATCH KIDS 6225 PEG 5Z cmp DENTYNE ICE WINTER CHILL 16PC=1
SOUR PATCH KIDS 6225 PEG 5Z cmp MENTOS ROLL SPEARMINT=1
SOUR PATCH KIDS 6225 PEG 5Z cmp TRIDENT VAL-U-PAK MINT SWEET=-1
SOUR PATCH KIDS 6225 PEG 5Z cmp SKITTLES KING SIZE           !=1
SOUR PATCH KIDS 6225 PEG 5Z cmp TIC TAC BIG PACK FRESHMINT  1Z=-1
SOUR PATCH KIDS 6225 PEG 5Z cmp STRIDE GUM SOURPATCH LIME 14PC=-1
SOUR PATCH KIDS 6225 PEG 5Z cmp SNICKERS PEANUT BTR KING 3.56!=1
SOUR PATCH KIDS 6225 PEG 5Z cmp SOUR PATCH EXTREME PEG 7.2Z=1
STRIDE GUM SOURPATCH LIME 14PC cmp STARBURST 14114 CHEW PEG 7.2!=1
STRIDE GUM SOURPATCH LIME 14PC cmp STARBURST GUMMI DUOS PEG 6Z=1
STRIDE GUM SOURPATCH LIME 14PC cmp TWIZZLERS 54400 LICORICE 7Z=-1
STRIDE GUM SWEET MINT 14 PC cmp TWIZZLERS 54400 LICORICE 7Z=-1
TWIZZLERS 54400 LICORICE 7Z cmp SWEDISH FISH *RED* 2Z SINGLE=1
TWIZZLERS 54400 LICORICE 7Z cmp TIC TAC BIG FRUIT ADVENTURE 1Z=1
TWIZZLERS 54400 LICORICE 7Z cmp TIC TAC BIG PACK FRESHMINT  1Z=1
TWIZZLERS 54400 LICORICE 7Z cmp TIC TAC BIG PACK ORANGE     1Z=1
TWIZZLERS 54400 LICORICE 7Z cmp TIC TAC BIG PACK POWERMINT  1Z=1
TWIZZLERS 54400 LICORICE 7Z cmp TRIDENT LAYERS PEACH/MANGO 14P=1
TWIZZLERS 54400 LICORICE 7Z cmp TRIDENT SUPER PACK TROP/WTRMLN=1
TWIZZLERS 54400 LICORICE 7Z cmp TRIDENT VAL-U-PAK ORIGINAL=1
TWIZZLERS 54400 LICORICE 7Z cmp TRIDENT WHITE SPEARMINT 16PC=1
TWIZZLERS 54400 LICORICE 7Z cmp YORK MINIS KING 2.5Z=-1
TWIZZLERS 54400 LICORICE 7Z cmp WRIGLEY 5 RPM MINT 15PC=-1
TWIZZLERS 54400 LICORICE 7Z cmp TWIX PEANUT BUTTER KING 2.8Z !=1
TWIZZLERS 54400 LICORICE 7Z cmp TWIZZLERS KING SIZE 5Z=-1
TWIZZLERS KING SIZE 5Z cmp TWIZZLERS 54402 STRAWBERRY 7Z=1
TWIZZLERS KING SIZE 5Z cmp TWIZZLERS 54423 CHERRY BITES7Z=1
WELCH'S FRUIT'N YOGURT STRW 5Z cmp WELCHS 05094 GRAPE 5OZ PEG=-1
WELCHS 05094 GRAPE 5OZ PEG cmp WELCH'S FRUIT'N YOUGRT BLUE 5Z=1
J & J BABY TAKE-A-LONG KIT 6P! cmp STAYFREE MAXI W.WINGS 18CT   !=-1
STAYFREE MAXI W.WINGS 18CT   ! cmp TAMPAX 10'S REGULAR          !=-1
TAMPAX 10'S REGULAR          ! cmp TAMPAX 10s SUPER             !=-1
J & J BABY TAKE-A-LONG KIT 6P! cmp WET ONES SENS ANTIBACT 15PC!=-1
WET ONES SENS ANTIBACT 15PC! cmp STAYFREE MAXI W.WINGS 18CT   !=1
WET ONES SENS ANTIBACT 15PC! cmp TAMPAX 10'S REGULAR          !=1
WET ONES SENS ANTIBACT 15PC! cmp TAMPAX 10s SUPER             !=1
LIL DRUG 3 DOSE DAYQL SER 6CT! cmp LIL DRUG 3 DOSE ADVIL 6CT    !=1
LIL DRUG 3 DOSE DAYQL SER 6CT! cmp LIL DRUG 3 DOSE NYQUIL 6CT   !=-1
LIL DRUG 3DOSE TYLE ES CAP 6CT cmp LIL DRUG 3 DOSE NYQUIL 6CT   !=1
LIL DRUG 3 DOSE ADVIL 6CT    ! cmp ADVIL LIQUI-GELS   20ct      !=1
LIL DRUG 3 DOSE ADVIL 6CT    ! cmp LIL DRUG 3 DOSE ALEVE 3CT    !=-1
LIL DRUG 3 DOSE DAYQL SER 6CT! cmp LIL DRUG 3 DOSE ALEVE 3CT    !=1
ADVIL LIQUI-GELS   20ct      ! cmp J & J BABY TAKE-A-LONG KIT 6P!=-1
J & J BABY TAKE-A-LONG KIT 6P! cmp LIL DRUG 3 DOSE ADVIL 6CT    !=-1
LIL DRUG 3 DOSE ADVIL 6CT    ! cmp STAYFREE MAXI W.WINGS 18CT   !=-1
STAYFREE MAXI W.WINGS 18CT   ! cmp LIL DRUG 3 DOSE ALEVE 3CT    !=1
STAYFREE MAXI W.WINGS 18CT   ! cmp LIL DRUG 3 DOSE DAYQL SER 6CT!=1
STAYFREE MAXI W.WINGS 18CT   ! cmp LIL DRUG 3 DOSE NYQUIL 6CT   !=1
STAYFREE MAXI W.WINGS 18CT   ! cmp LIL DRUG 3DOSE TYLE ES CAP 6CT=1
WELCH'S FRUIT'N YOGURT STRW 5Z cmp 100 GRAND KING SIZE 2.8Z     !=1
WELCH'S FRUIT'N YOGURT STRW 5Z cmp ALTOIDS SMALLS CINNAMON=1
WELCH'S FRUIT'N YOGURT STRW 5Z cmp ALTOIDS TIN PEPPERMINT=1
WELCH'S FRUIT'N YOGURT STRW 5Z cmp DENTYNE ICE WINTER CHILL 16PC=1
WELCH'S FRUIT'N YOGURT STRW 5Z cmp MENTOS ROLL SPEARMINT=1
WELCH'S FRUIT'N YOGURT STRW 5Z cmp TRIDENT SUPER PACK TROP/WTRMLN=1
WELCH'S FRUIT'N YOGURT STRW 5Z cmp YORK MINIS KING 2.5Z=-1
WELCH'S FRUIT'N YOGURT STRW 5Z cmp TRIDENT WHITE SPEARMINT 16PC=1
WELCH'S FRUIT'N YOGURT STRW 5Z cmp TWIZZLERS KING SIZE 5Z=1
WELCH'S FRUIT'N YOGURT STRW 5Z cmp WRIGLEY DOUBLEMINT SLIM PACK=-1
WELCH'S FRUIT'N YOGURT STRW 5Z cmp WHATCHAMACALLIT KING SIZE=-1
WHATCHAMACALLIT KING SIZE cmp WELCH'S FRUIT'N YOUGRT BLUE 5Z=1
WHATCHAMACALLIT KING SIZE cmp WELCHS 05094 GRAPE 5OZ PEG=1
ADVIL MIGRANE CAPLET 20ct cmp ALEVE CAPLETS 24ct           !=-1
ALEVE CAPLETS 24ct           ! cmp ADVIL TABS 24'S              !=1
ALEVE LIQUID GELS 20CT cmp ADVIL TABLETS VIAL PEG 10'S  !=1
ALEVE LIQUID GELS 20CT cmp TYLENOL X-STR CAPLETS 24S    !=-1
MOTRIN IB PM CAPLETS 20ct    ! cmp TYLENOL X-STR CAPLETS 24S    !=-1
ADVIL MIGRANE CAPLET 20ct cmp ADVIL TABLETS VIAL PEG 10'S  !=-1
ADVIL TABLETS VIAL PEG 10'S  ! cmp ADVIL TABS 24'S              !=-1
ADVIL TABS 24'S              ! cmp ALEVE LIQUID GELS 20CT=-1
ALEVE LIQUID GELS 20CT cmp ALEVE CAPLETS 24ct           !=1
ALEVE LIQUID GELS 20CT cmp ALEVE TABLETS 24ct           !=-1
ALEVE TABLETS 24ct           ! cmp MOTRIN IB PM CAPLETS 20ct    !=-1
ADVIL CONGESTION RELIEF 10CT ! cmp BENADRYL ALLGRY ULTRATAB 24CT=-1
BENADRYL ALLGRY ULTRATAB 24CT cmp TYLENOL CLD/FLU SEVERE 24CT=-1
TYLENOL CLD/FLU SEVERE 24CT cmp J & J BAND AID TRAVEL CLR 8'S!=1
ADVIL CONGESTION RELIEF 10CT ! cmp DRAMAMINE CHEWABLE ORANGE 8CT=-1
DRAMAMINE CHEWABLE ORANGE 8CT cmp BENADRYL ALLGRY ULTRATAB 24CT=1
DRAMAMINE CHEWABLE ORANGE 8CT cmp J & J BAND AID TRAVEL CLR 8'S!=-1
J & J BAND AID TRAVEL CLR 8'S! cmp DRAMAMINE LESS DROWSY CARD 8CT=1
ADVIL MIGRANE CAPLET 20ct cmp ADVIL CONGESTION RELIEF 10CT !=1
ADVIL MIGRANE CAPLET 20ct cmp BENADRYL ALLGRY ULTRATAB 24CT=-1
ADVIL TABLETS VIAL PEG 10'S  ! cmp BENADRYL ALLGRY ULTRATAB 24CT=-1
BENADRYL ALLGRY ULTRATAB 24CT cmp ADVIL TABS 24'S              !=1
BENADRYL ALLGRY ULTRATAB 24CT cmp ALEVE CAPLETS 24ct           !=1
BENADRYL ALLGRY ULTRATAB 24CT cmp ALEVE LIQUID GELS 20CT=1
BENADRYL ALLGRY ULTRATAB 24CT cmp ALEVE TABLETS 24ct           !=1
BENADRYL ALLGRY ULTRATAB 24CT cmp MOTRIN IB PM CAPLETS 20ct    !=-1
MOTRIN IB PM CAPLETS 20ct    ! cmp DRAMAMINE CHEWABLE ORANGE 8CT=1
MOTRIN IB PM CAPLETS 20ct    ! cmp DRAMAMINE LESS DROWSY CARD 8CT=1
MOTRIN IB PM CAPLETS 20ct    ! cmp J & J BAND AID TRAVEL CLR 8'S!=1
MOTRIN IB PM CAPLETS 20ct    ! cmp TYLENOL CLD/FLU SEVERE 24CT=-1
TYLENOL X-STR CAPLETS 24S    ! cmp TYLENOL CLD/FLU SEVERE 24CT=1
DRAMAMINE TABLET VIAL 12 CT  ! cmp AQUAFRESH EXFRSH+WHITENING 3z!=1
DRAMAMINE TABLET VIAL 12 CT  ! cmp KLEENEX POCKET PACK 10CT/3PLY!=-1
ZANTAC 150 TABLET 8ct cmp KLEENEX POCKET PACK 10CT/3PLY!=1
PEPTO BISMOL 4 OZ BOTTLE     ! cmp EAR PLUG CHILDRENS EAR PLANES!=1
PEPTO BISMOL 4 OZ BOTTLE     ! cmp MIDOL COMPLETE CAPLETS 16ct=1
AQUAFRESH EXFRSH+WHITENING 3z! cmp EAR PLUG CHILDRENS EAR PLANES!=-1
EAR PLUG CHILDRENS EAR PLANES! cmp DRAMAMINE TABLET VIAL 12 CT  !=1
EAR PLUG CHILDRENS EAR PLANES! cmp KLEENEX POCKET PACK 10CT/3PLY!=-1
KLEENEX POCKET PACK 10CT/3PLY! cmp MIDOL COMPLETE CAPLETS 16ct=-1
MIDOL COMPLETE CAPLETS 16ct cmp ZANTAC 150 TABLET 8ct=-1
ZANTAC 150 TABLET 8ct cmp PEPTO BISMOL 4 OZ BOTTLE     !=1
ZANTAC 150 TABLET 8ct cmp PEPTO BISMOL TABS 30'S REG   !=1
EAR PLUG EARPLANES           ! cmp J & J BABY POWDER 4 OZ       !=-1
J & J BABY POWDER 4 OZ       ! cmp JOHNSON'S BABY LOTION 3Z     !=-1
JOHNSON'S BABY LOTION 3Z     ! cmp JOHNSON'S BABY SHAMPOO 3Z    !=-1
EAR PLUG EARPLANES           ! cmp NEOSPORIN OINTMENT .5Z       !=-1
NEOSPORIN OINTMENT .5Z       ! cmp J & J BABY POWDER 4 OZ       !=1
NEOSPORIN OINTMENT .5Z       ! cmp JOHNSON'S BABY LOTION 3Z     !=1
NEOSPORIN OINTMENT .5Z       ! cmp JOHNSON'S BABY SHAMPOO 3Z    !=1
AQUAFRESH EXFRSH+WHITENING 3z! cmp EAR PLUG EARPLANES           !=-1
EAR PLUG EARPLANES           ! cmp DRAMAMINE TABLET VIAL 12 CT  !=1
EAR PLUG EARPLANES           ! cmp EAR PLUG CHILDRENS EAR PLANES!=1
EAR PLUG EARPLANES           ! cmp KLEENEX POCKET PACK 10CT/3PLY!=-1
KLEENEX POCKET PACK 10CT/3PLY! cmp J & J BABY POWDER 4 OZ       !=1
KLEENEX POCKET PACK 10CT/3PLY! cmp JOHNSON'S BABY LOTION 3Z     !=1
KLEENEX POCKET PACK 10CT/3PLY! cmp JOHNSON'S BABY SHAMPOO 3Z    !=1
KLEENEX POCKET PACK 10CT/3PLY! cmp NEOSPORIN OINTMENT .5Z       !=-1
MIDOL COMPLETE CAPLETS 16ct cmp NEOSPORIN OINTMENT .5Z       !=-1
NEOSPORIN OINTMENT .5Z       ! cmp PEPTO BISMOL 4 OZ BOTTLE     !=-1
PEPTO BISMOL 4 OZ BOTTLE     ! cmp VISINE A.C. BOTTLE .5OZ      !=-1
VISINE A.C. BOTTLE .5OZ      ! cmp PEPTO BISMOL TABS 30'S REG   !=1
VISINE A.C. BOTTLE .5OZ      ! cmp ZANTAC 150 TABLET 8ct=-1
ADVIL CONGESTION RELIEF 10CT ! cmp AQUAFRESH EXFRSH+WHITENING 3z!=-1
AQUAFRESH EXFRSH+WHITENING 3z! cmp ADVIL MIGRANE CAPLET 20ct=1
AQUAFRESH EXFRSH+WHITENING 3z! cmp ADVIL TABLETS VIAL PEG 10'S  !=1
AQUAFRESH EXFRSH+WHITENING 3z! cmp ADVIL TABS 24'S              !=1
AQUAFRESH EXFRSH+WHITENING 3z! cmp ALEVE CAPLETS 24ct           !=1
AQUAFRESH EXFRSH+WHITENING 3z! cmp ALEVE LIQUID GELS 20CT=1
AQUAFRESH EXFRSH+WHITENING 3z! cmp ALEVE TABLETS 24ct           !=1
AQUAFRESH EXFRSH+WHITENING 3z! cmp DRAMAMINE CHEWABLE ORANGE 8CT=-1
AQUAFRESH EXFRSH+WHITENING 3z! cmp BENADRYL ALLGRY ULTRATAB 24CT=-1
BENADRYL ALLGRY ULTRATAB 24CT cmp DRAMAMINE TABLET VIAL 12 CT  !=-1
DRAMAMINE TABLET VIAL 12 CT  ! cmp DRAMAMINE CHEWABLE ORANGE 8CT=1
DRAMAMINE TABLET VIAL 12 CT  ! cmp DRAMAMINE LESS DROWSY CARD 8CT=1
DRAMAMINE TABLET VIAL 12 CT  ! cmp J & J BAND AID TRAVEL CLR 8'S!=-1
J & J BAND AID TRAVEL CLR 8'S! cmp EAR PLUG CHILDRENS EAR PLANES!=1
J & J BAND AID TRAVEL CLR 8'S! cmp EAR PLUG EARPLANES           !=1
J & J BAND AID TRAVEL CLR 8'S! cmp J & J BABY POWDER 4 OZ       !=1
J & J BAND AID TRAVEL CLR 8'S! cmp JOHNSON'S BABY LOTION 3Z     !=-1
MOTRIN IB PM CAPLETS 20ct    ! cmp JOHNSON'S BABY LOTION 3Z     !=1
MOTRIN IB PM CAPLETS 20ct    ! cmp JOHNSON'S BABY SHAMPOO 3Z    !=1
MOTRIN IB PM CAPLETS 20ct    ! cmp KLEENEX POCKET PACK 10CT/3PLY!=1
MOTRIN IB PM CAPLETS 20ct    ! cmp MIDOL COMPLETE CAPLETS 16ct=1
MOTRIN IB PM CAPLETS 20ct    ! cmp NEOSPORIN OINTMENT .5Z       !=-1
TYLENOL CLD/FLU SEVERE 24CT cmp NEOSPORIN OINTMENT .5Z       !=1
TYLENOL CLD/FLU SEVERE 24CT cmp PEPTO BISMOL 4 OZ BOTTLE     !=1
TYLENOL CLD/FLU SEVERE 24CT cmp PEPTO BISMOL TABS 30'S REG   !=1
TYLENOL CLD/FLU SEVERE 24CT cmp VISINE A.C. BOTTLE .5OZ      !=-1
TYLENOL X-STR CAPLETS 24S    ! cmp VISINE A.C. BOTTLE .5OZ      !=-1
ADVIL CONGESTION RELIEF 10CT ! cmp WET ONES SENS ANTIBACT 15PC!=-1
ADVIL CONGESTION RELIEF 10CT ! cmp ADVIL LIQUI-GELS   20ct      !=-1
ADVIL LIQUI-GELS   20ct      ! cmp ADVIL MIGRANE CAPLET 20ct=-1
ADVIL MIGRANE CAPLET 20ct cmp J & J BABY TAKE-A-LONG KIT 6P!=-1
J & J BABY TAKE-A-LONG KIT 6P! cmp ADVIL TABLETS VIAL PEG 10'S  !=1
J & J BABY TAKE-A-LONG KIT 6P! cmp ADVIL TABS 24'S              !=1
J & J BABY TAKE-A-LONG KIT 6P! cmp ALEVE CAPLETS 24ct           !=1
J & J BABY TAKE-A-LONG KIT 6P! cmp ALEVE LIQUID GELS 20CT=1
J & J BABY TAKE-A-LONG KIT 6P! cmp ALEVE TABLETS 24ct           !=1
J & J BABY TAKE-A-LONG KIT 6P! cmp AQUAFRESH EXFRSH+WHITENING 3z!=1
J & J BABY TAKE-A-LONG KIT 6P! cmp BENADRYL ALLGRY ULTRATAB 24CT=1
J & J BABY TAKE-A-LONG KIT 6P! cmp DRAMAMINE LESS DROWSY CARD 8CT=1
J & J BABY TAKE-A-LONG KIT 6P! cmp J & J BABY POWDER 4 OZ       !=1
J & J BABY TAKE-A-LONG KIT 6P! cmp PEPTO BISMOL 4 OZ BOTTLE     !=-1
J & J BABY TAKE-A-LONG KIT 6P! cmp KLEENEX POCKET PACK 10CT/3PLY!=-1
J & J BABY TAKE-A-LONG KIT 6P! cmp JOHNSON'S BABY LOTION 3Z     !=-1
J & J BABY TAKE-A-LONG KIT 6P! cmp J & J BAND AID TRAVEL CLR 8'S!=-1
LIL DRUG 3 DOSE ADVIL 6CT    ! cmp J & J BAND AID TRAVEL CLR 8'S!=1
LIL DRUG 3 DOSE ADVIL 6CT    ! cmp JOHNSON'S BABY LOTION 3Z     !=1
LIL DRUG 3 DOSE ADVIL 6CT    ! cmp JOHNSON'S BABY SHAMPOO 3Z    !=1
LIL DRUG 3 DOSE ADVIL 6CT    ! cmp KLEENEX POCKET PACK 10CT/3PLY!=1
LIL DRUG 3 DOSE ADVIL 6CT    ! cmp MIDOL COMPLETE CAPLETS 16ct=-1
LIL DRUG 3 DOSE ALEVE 3CT    ! cmp MIDOL COMPLETE CAPLETS 16ct=-1
MIDOL COMPLETE CAPLETS 16ct cmp LIL DRUG 3 DOSE DAYQL SER 6CT!=1
MIDOL COMPLETE CAPLETS 16ct cmp LIL DRUG 3 DOSE NYQUIL 6CT   !=1
MIDOL COMPLETE CAPLETS 16ct cmp LIL DRUG 3DOSE TYLE ES CAP 6CT=1
MIDOL COMPLETE CAPLETS 16ct cmp STAYFREE MAXI W.WINGS 18CT   !=-1
STAYFREE MAXI W.WINGS 18CT   ! cmp MOTRIN IB PM CAPLETS 20ct    !=1
STAYFREE MAXI W.WINGS 18CT   ! cmp NEOSPORIN OINTMENT .5Z       !=1
STAYFREE MAXI W.WINGS 18CT   ! cmp PEPTO BISMOL 4 OZ BOTTLE     !=1
STAYFREE MAXI W.WINGS 18CT   ! cmp PEPTO BISMOL TABS 30'S REG   !=1
STAYFREE MAXI W.WINGS 18CT   ! cmp TYLENOL CLD/FLU SEVERE 24CT=-1
TAMPAX 10'S REGULAR          ! cmp TYLENOL CLD/FLU SEVERE 24CT=-1
TYLENOL CLD/FLU SEVERE 24CT cmp TAMPAX 10s SUPER             !=1
TYLENOL CLD/FLU SEVERE 24CT cmp WET ONES SENS ANTIBACT 15PC!=-1
WET ONES SENS ANTIBACT 15PC! cmp TYLENOL X-STR CAPLETS 24S    !=1
WET ONES SENS ANTIBACT 15PC! cmp VISINE A.C. BOTTLE .5OZ      !=1
WET ONES SENS ANTIBACT 15PC! cmp ZANTAC 150 TABLET 8ct=-1
LISTERINE POCKT PAK COOLMNT24! cmp LISTERINE POCKT PAK FRESH 24S!=-1
VISINE EYE DROPS .5 OZ       ! cmp VICKS NYQUIL COLD/FLU PM 8Z  !=1
AIRBORNE CHEWABLE BERRY 32PC cmp AFRIN SPRAY .5 OZ            !=1
AIRBORNE CHEWABLE BERRY 32PC cmp AIRBORNE ORANGE 10 PIECE     !=-1
UNISOM SLEEP GELS 8S         ! cmp AIRBORNE ORANGE 10 PIECE     !=1
AFRIN SPRAY .5 OZ            ! cmp VICKS NYQUIL COLD/FLU PM 8Z  !=-1
VICKS NYQUIL COLD/FLU PM 8Z  ! cmp AIRBORNE CHEWABLE BERRY 32PC=1
VICKS NYQUIL COLD/FLU PM 8Z  ! cmp AIRBORNE ORANGE 10 PIECE     !=1
VICKS NYQUIL COLD/FLU PM 8Z  ! cmp UNISOM SLEEP GELS 8S         !=1
LADY SPEED STICK A/P 2.3Z SHW! cmp COLGATE TOOTHPASTE 2.8Z      !=1
LADY SPEED STICK A/P 2.3Z SHW! cmp COLGATE WISP CM WHITENING 4PK!=1
COLGATE TOOTHPASTE 2.8Z      ! cmp COLGATE WISP PEPPERMINT 4PK  !=-1
COLGATE WISP PEPPERMINT 4PK  ! cmp COLGATE WISP CM WHITENING 4PK!=1
COLGATE WISP PEPPERMINT 4PK  ! cmp LADY SPEED STICK A/P 2.3Z SHW!=-1
LADY SPEED STICK A/P 2.3Z SHW! cmp OLD SPICE DEOD PURE SPRT 2.2Z!=-1
OLD SPICE DEOD PURE SPRT 2.2Z! cmp LINT ROLLER - MINI - 30'S    !=1
COLGATE TOOTHPASTE 2.8Z      ! cmp AFRIN SPRAY .5 OZ            !=1
COLGATE TOOTHPASTE 2.8Z      ! cmp AIRBORNE CHEWABLE BERRY 32PC=1
COLGATE TOOTHPASTE 2.8Z      ! cmp AIRBORNE ORANGE 10 PIECE     !=1
COLGATE TOOTHPASTE 2.8Z      ! cmp UNISOM SLEEP GELS 8S         !=-1
UNISOM SLEEP GELS 8S         ! cmp COLGATE WISP CM WHITENING 4PK!=1
UNISOM SLEEP GELS 8S         ! cmp COLGATE WISP PEPPERMINT 4PK  !=1
UNISOM SLEEP GELS 8S         ! cmp LADY SPEED STICK A/P 2.3Z SHW!=1
UNISOM SLEEP GELS 8S         ! cmp LINT ROLLER - MINI - 30'S    !=1
UNISOM SLEEP GELS 8S         ! cmp OLD SPICE DEOD PURE SPRT 2.2Z!=1
AXE DEODORANT TRAVEL SIZE 1Z ! cmp LIFESTYLES KYNG GOLD 3'S     !=-1
LIFESTYLES KYNG GOLD 3'S     ! cmp COPPERTONE SPORT SPF 30 3oz!=1
AQUAPHOR OINTMENT 1.75Z      ! cmp 5-HOUR ENERGY BERRY 2Z       !=1
AQUAPHOR OINTMENT 1.75Z      ! cmp VASELINE TTL MOIST LOTION 3Z !=-1
AVEENO DAILY LOTION 2.5Z     ! cmp VASELINE TTL MOIST LOTION 3Z !=-1
AXE DEODORANT TRAVEL SIZE 1Z ! cmp 5-HOUR ENERGY BERRY 2Z       !=1
AXE DEODORANT TRAVEL SIZE 1Z ! cmp AQUAPHOR OINTMENT 1.75Z      !=1
AXE DEODORANT TRAVEL SIZE 1Z ! cmp AVEENO DAILY LOTION 2.5Z     !=1
AXE DEODORANT TRAVEL SIZE 1Z ! cmp VASELINE TTL MOIST LOTION 3Z !=-1
COPPERTONE SPORT SPF 30 3oz! cmp VASELINE TTL MOIST LOTION 3Z !=-1
VASELINE TTL MOIST LOTION 3Z ! cmp LIFESTYLES KYNG GOLD 3'S     !=1
VASELINE TTL MOIST LOTION 3Z ! cmp LIFESTYLES SKYN 3'S          !=1
5-HOUR ENERGY EX STR BERRY 2Z cmp 5-HOUR ENERGY LEMON LIME 2Z  !=-1
5-HOUR ENERGY LEMON LIME 2Z  ! cmp 5-HOUR ENERGY GRAPE 2Z       !=1
5-HOUR ENERGY EX STR BERRY 2Z cmp LIL ESSEN GILLETTE SHAVING KI!=-1
LIL ESSEN GILLETTE SHAVING KI! cmp 5-HOUR ENERGY GRAPE 2Z       !=1
LIL ESSEN GILLETTE SHAVING KI! cmp 5-HOUR ENERGY LEMON LIME 2Z  !=1
LIL ESSEN GILLETTE SHAVING KI! cmp 5-HOUR ENERGY ORANGE 2Z      !=1
5-HOUR ENERGY BERRY 2Z       ! cmp 5-HOUR ENERGY EX STR BERRY 2Z=-1
5-HOUR ENERGY EX STR BERRY 2Z cmp AQUAPHOR OINTMENT 1.75Z      !=-1
AQUAPHOR OINTMENT 1.75Z      ! cmp 5-HOUR ENERGY GRAPE 2Z       !=1
AQUAPHOR OINTMENT 1.75Z      ! cmp 5-HOUR ENERGY LEMON LIME 2Z  !=1
AQUAPHOR OINTMENT 1.75Z      ! cmp 5-HOUR ENERGY ORANGE 2Z      !=1
AQUAPHOR OINTMENT 1.75Z      ! cmp LIL ESSEN GILLETTE SHAVING KI!=-1
AVEENO DAILY LOTION 2.5Z     ! cmp LIL ESSEN GILLETTE SHAVING KI!=-1
LIL ESSEN GILLETTE SHAVING KI! cmp AXE DEODORANT TRAVEL SIZE 1Z !=1
LIL ESSEN GILLETTE SHAVING KI! cmp COPPERTONE SPORT SPF 30 3oz!=1
LIL ESSEN GILLETTE SHAVING KI! cmp LIFESTYLES KYNG GOLD 3'S     !=1
LIL ESSEN GILLETTE SHAVING KI! cmp LIFESTYLES SKYN 3'S          !=1
LIL ESSEN GILLETTE SHAVING KI! cmp VASELINE TTL MOIST LOTION 3Z !=-1
VASELINE TTL MOIST LOTION 3Z ! cmp LIL ESSEN LUBRIDERM LOTION 1Z!=1
5-HOUR ENERGY BERRY 2Z       ! cmp AFRIN SPRAY .5 OZ            !=-1
AFRIN SPRAY .5 OZ            ! cmp 5-HOUR ENERGY EX STR BERRY 2Z=1
AFRIN SPRAY .5 OZ            ! cmp 5-HOUR ENERGY GRAPE 2Z       !=1
AFRIN SPRAY .5 OZ            ! cmp 5-HOUR ENERGY LEMON LIME 2Z  !=1
AFRIN SPRAY .5 OZ            ! cmp 5-HOUR ENERGY ORANGE 2Z      !=1
AFRIN SPRAY .5 OZ            ! cmp AQUAPHOR OINTMENT 1.75Z      !=-1
AIRBORNE CHEWABLE BERRY 32PC cmp AQUAPHOR OINTMENT 1.75Z      !=-1
AQUAPHOR OINTMENT 1.75Z      ! cmp AIRBORNE ORANGE 10 PIECE     !=1
AQUAPHOR OINTMENT 1.75Z      ! cmp COLGATE TOOTHPASTE 2.8Z      !=-1
COLGATE TOOTHPASTE 2.8Z      ! cmp AVEENO DAILY LOTION 2.5Z     !=1
COLGATE TOOTHPASTE 2.8Z      ! cmp AXE DEODORANT TRAVEL SIZE 1Z !=1
COLGATE TOOTHPASTE 2.8Z      ! cmp COPPERTONE SPORT SPF 30 3oz!=-1
COLGATE WISP CM WHITENING 4PK! cmp COPPERTONE SPORT SPF 30 3oz!=-1
COPPERTONE SPORT SPF 30 3oz! cmp COLGATE WISP PEPPERMINT 4PK  !=1
COPPERTONE SPORT SPF 30 3oz! cmp LADY SPEED STICK A/P 2.3Z SHW!=-1
LADY SPEED STICK A/P 2.3Z SHW! cmp LIFESTYLES KYNG GOLD 3'S     !=-1
LIFESTYLES KYNG GOLD 3'S     ! cmp LINT ROLLER - MINI - 30'S    !=-1
LINT ROLLER - MINI - 30'S    ! cmp LIFESTYLES SKYN 3'S          !=1
LINT ROLLER - MINI - 30'S    ! cmp LIL ESSEN GILLETTE SHAVING KI!=1
LINT ROLLER - MINI - 30'S    ! cmp LIL ESSEN LUBRIDERM LOTION 1Z!=1
LINT ROLLER - MINI - 30'S    ! cmp VASELINE TTL MOIST LOTION 3Z !=-1
OLD SPICE DEOD PURE SPRT 2.2Z! cmp VASELINE TTL MOIST LOTION 3Z !=-1
VASELINE TTL MOIST LOTION 3Z ! cmp UNISOM SLEEP GELS 8S         !=1
VASELINE TTL MOIST LOTION 3Z ! cmp VICKS NYQUIL COLD/FLU PM 8Z  !=-1
LIL ESSEN PERT PLUS SHAMP 2Z ! cmp LIL ESSEN CLEAR EYES 2 OZ    !=1
LIL ESSEN PERT PLUS SHAMP 2Z ! cmp LIL ESSEN TOOTHBRSH&PASTE .85!=-1
LIL ESSEN REFRESH TEARS .1Z  ! cmp LIL ESSEN TOOTHBRSH&PASTE .85!=-1
SP HALLS BAGS DEFENSE WAT 30CT cmp SP HALLS BAGS MENT LYPTUS 30CT=-1
SP HALLS BAGS MENT LYPTUS 30CT cmp SP HALLS BAGS HONEY LEMON 30CT=1
LIL ESSEN CLEAR EYES 2 OZ    ! cmp SP HALLS BAGS DEFENSE WAT 30CT=-1
SP HALLS BAGS DEFENSE WAT 30CT cmp LIL ESSEN PERT PLUS SHAMP 2Z !=1
SP HALLS BAGS DEFENSE WAT 30CT cmp LIL ESSEN REFRESH TEARS .1Z  !=1
SP HALLS BAGS DEFENSE WAT 30CT cmp LIL ESSEN TOOTHBRSH&PASTE .85!=1
HALLS PLUS CHERRY STICK 9CT cmp HALLS STICK ICE-PEPPERMINT 9PC=-1
HALLS STICK ICE-PEPPERMINT 9PC cmp HALLS PLUS HONEY LEMON STICK 9=1
HALLS STICK ICE-PEPPERMINT 9PC cmp HALLS STICK CHERRY 9 PCS=1
HALLS STICK ICE-PEPPERMINT 9PC cmp HALLS STICK HONEY-LEMON 9 PCS=1
HALLS PLUS CHERRY STICK 9CT cmp HALLS STICK STRAWBERRY 9 PCS=-1
HALLS STICK STRAWBERRY 9 PCS cmp HALLS PLUS HONEY LEMON STICK 9=1
HALLS STICK STRAWBERRY 9 PCS cmp HALLS STICK CHERRY 9 PCS=1
HALLS STICK STRAWBERRY 9 PCS cmp HALLS STICK HONEY-LEMON 9 PCS=1
HALLS STICK STRAWBERRY 9 PCS cmp HALLS STICK ICE-PEPPERMINT 9PC=1
HALLS STICK STRAWBERRY 9 PCS cmp HALLS STICK SPEARMINT 9 PCS=1
LIL ESSEN CLEAR EYES 2 OZ    ! cmp HALLS PLUS CHERRY STICK 9CT=1
LIL ESSEN CLEAR EYES 2 OZ    ! cmp HALLS PLUS HONEY LEMON STICK 9=1
LIL ESSEN CLEAR EYES 2 OZ    ! cmp HALLS STICK CHERRY 9 PCS=1
LIL ESSEN CLEAR EYES 2 OZ    ! cmp HALLS STICK HONEY-LEMON 9 PCS=1
LIL ESSEN CLEAR EYES 2 OZ    ! cmp HALLS STICK ICE-PEPPERMINT 9PC=1
LIL ESSEN CLEAR EYES 2 OZ    ! cmp HALLS STICK SPEARMINT 9 PCS=1
LIL ESSEN CLEAR EYES 2 OZ    ! cmp HALLS STICK STRAWBERRY 9 PCS=1
LIL ESSEN CLEAR EYES 2 OZ    ! cmp TUMS SMOOTHIES ASST FRT BOTTLE=-1
LIL ESSEN PERT PLUS SHAMP 2Z ! cmp TUMS SMOOTHIES ASST FRT BOTTLE=-1
TUMS SMOOTHIES ASST FRT BOTTLE cmp LIL ESSEN REFRESH TEARS .1Z  !=1
TUMS SMOOTHIES ASST FRT BOTTLE cmp LIL ESSEN TOOTHBRSH&PASTE .85!=1
TUMS SMOOTHIES ASST FRT BOTTLE cmp SP HALLS BAGS DEFENSE WAT 30CT=1
TUMS SMOOTHIES ASST FRT BOTTLE cmp SP HALLS BAGS HONEY LEMON 30CT=1
TUMS SMOOTHIES ASST FRT BOTTLE cmp SP HALLS BAGS MENT LYPTUS 30CT=1
TUMS SMOOTHIES ASST FRT BOTTLE cmp SP HALLS BAGS TROP FRUIT 30CT=1
DORITOS XVL COOL RANCH 2.875Z! cmp CHEETOS XVL CRUNCHY 3.25Z=1
DORITOS XVL COOL RANCH 2.875Z! cmp FRITO XVL CORN CHIP ORIG 4Z !=-1
DORITOS XVL NACHO 2.875Z     ! cmp FRITO XVL CORN CHIP ORIG 4Z !=-1
CHEETOS XVL CRUNCHY 3.25Z cmp SUNCHIPS XVL CHEDDAR 2.75Z   !=-1
CHEETOS XVL CRUNCHY 3.25Z cmp LAY'S XVL REGULAR 2.5Z       !=-1
LAY'S XVL REGULAR 2.5Z       ! cmp DORITOS XVL COOL RANCH 2.875Z!=1
LAY'S XVL REGULAR 2.5Z       ! cmp DORITOS XVL NACHO 2.875Z     !=1
LAY'S XVL REGULAR 2.5Z       ! cmp FRITO XVL CORN CHIP ORIG 4Z !=1
CHEEZ-IT CHEDDAR JACK 7Z BAG cmp CHEEZ-IT SNKMX DBL CHEESE 3.5Z=-1
CHEEZ-IT SNKMX DBL CHEESE 3.5Z cmp CHEEZ-IT ORIGINAL 7Z BAG=1
CHEEZ-IT CHEDDAR JACK 7Z BAG cmp CHEX MIX 35181 TRAD *3.75Z*=-1
CHEX MIX 35181 TRAD *3.75Z* cmp CHEEZ-IT ORIGINAL 7Z BAG=1
CHEX MIX 35181 TRAD *3.75Z* cmp CHEEZ-IT SNKMX DBL CHEESE 3.5Z=1
CHEX MIX 35181 TRAD *3.75Z* cmp CHEEZ-IT SNKMX ORIGINAL 4.5Z=1
CHEEZ-IT CHEDDAR JACK 7Z BAG cmp DORITOS XVL NACHO 2.875Z     !=-1
CHEEZ-IT CHEDDAR JACK 7Z BAG cmp CHEETOS XVL CRUNCHY 3.25Z=1
CHEEZ-IT CHEDDAR JACK 7Z BAG cmp DORITOS XVL COOL RANCH 2.875Z!=-1
DORITOS XVL COOL RANCH 2.875Z! cmp CHEEZ-IT ORIGINAL 7Z BAG=1
DORITOS XVL COOL RANCH 2.875Z! cmp CHEEZ-IT SNKMX DBL CHEESE 3.5Z=1
DORITOS XVL COOL RANCH 2.875Z! cmp CHEEZ-IT SNKMX ORIGINAL 4.5Z=1
DORITOS XVL COOL RANCH 2.875Z! cmp CHEX MIX 35181 TRAD *3.75Z*=1
DORITOS XVL COOL RANCH 2.875Z! cmp CHEX MIX 35182 CHEDDAR 3.75Z=1
HALLS PLUS CHERRY STICK 9CT cmp ADVIL CAPLETS 24'S           !=1
HALLS PLUS CHERRY STICK 9CT cmp BAUSCH & LOMB MULTIPLUS 4Z   !=1
HALLS PLUS CHERRY STICK 9CT cmp ROLAIDS EXTRA TABLETS FRUIT=-1
HALLS PLUS HONEY LEMON STICK 9 cmp ROLAIDS EXTRA TABLETS FRUIT=-1
ROLAIDS EXTRA TABLETS FRUIT cmp HALLS STICK CHERRY 9 PCS=1
ROLAIDS EXTRA TABLETS FRUIT cmp HALLS STICK HONEY-LEMON 9 PCS=1
ROLAIDS EXTRA TABLETS FRUIT cmp HALLS STICK ICE-PEPPERMINT 9PC=1
ROLAIDS EXTRA TABLETS FRUIT cmp HALLS STICK SPEARMINT 9 PCS=1
ROLAIDS EXTRA TABLETS FRUIT cmp HALLS STICK STRAWBERRY 9 PCS=1
ROLAIDS EXTRA TABLETS FRUIT cmp LIL ESSEN CLEAR EYES 2 OZ    !=1
ROLAIDS EXTRA TABLETS FRUIT cmp LIL ESSEN REFRESH TEARS .1Z  !=1
ROLAIDS EXTRA TABLETS FRUIT cmp SP HALLS BAGS MENT LYPTUS 30CT=-1
ROLAIDS EXTRA TABLETS FRUIT cmp SP HALLS BAGS DEFENSE WAT 30CT=-1
ROLAIDS EXTRA TABLETS FRUIT cmp LIL ESSEN TOOTHBRSH&PASTE .85!=1
SP HALLS BAGS DEFENSE WAT 30CT cmp ROLAIDS EXTRA TABLETS MINT 10c=1
SP HALLS BAGS DEFENSE WAT 30CT cmp ROLAIDS ULTRA TABLETS FRUIT 10=1
SP HALLS BAGS DEFENSE WAT 30CT cmp SCUNCI BLACK ELASTICS 12CT   !=1
SP HALLS BAGS DEFENSE WAT 30CT cmp SCUNCI EMERY BOARDS 10CT     !=1
SP HALLS BAGS DEFENSE WAT 30CT cmp SCUNCI NAIL CLIPPER W/FILE   !=1
SP HALLS BAGS DEFENSE WAT 30CT cmp SCUNCI VENT BRUSH            !=1
ADVIL CAPLETS 24'S           ! cmp 5-HOUR ENERGY BERRY 2Z       !=1
ADVIL CAPLETS 24'S           ! cmp 5-HOUR ENERGY EX STR BERRY 2Z=1
ADVIL CAPLETS 24'S           ! cmp 5-HOUR ENERGY GRAPE 2Z       !=1
ADVIL CAPLETS 24'S           ! cmp 5-HOUR ENERGY LEMON LIME 2Z  !=1
ADVIL CAPLETS 24'S           ! cmp 5-HOUR ENERGY ORANGE 2Z      !=1
ADVIL CAPLETS 24'S           ! cmp AIRBORNE CHEWABLE BERRY 32PC=-1
ADVIL CAPLETS 24'S           ! cmp AFRIN SPRAY .5 OZ            !=-1
AFRIN SPRAY .5 OZ            ! cmp BAUSCH & LOMB MULTIPLUS 4Z   !=-1
BAUSCH & LOMB MULTIPLUS 4Z   ! cmp AIRBORNE CHEWABLE BERRY 32PC=1
BAUSCH & LOMB MULTIPLUS 4Z   ! cmp AIRBORNE ORANGE 10 PIECE     !=1
BAUSCH & LOMB MULTIPLUS 4Z   ! cmp AQUAPHOR OINTMENT 1.75Z      !=1
BAUSCH & LOMB MULTIPLUS 4Z   ! cmp AVEENO DAILY LOTION 2.5Z     !=1
BAUSCH & LOMB MULTIPLUS 4Z   ! cmp AXE DEODORANT TRAVEL SIZE 1Z !=1
BAUSCH & LOMB MULTIPLUS 4Z   ! cmp COLGATE TOOTHPASTE 2.8Z      !=-1
COLGATE TOOTHPASTE 2.8Z      ! cmp HALLS PLUS CHERRY STICK 9CT=-1
HALLS PLUS CHERRY STICK 9CT cmp COLGATE WISP CM WHITENING 4PK!=1
HALLS PLUS CHERRY STICK 9CT cmp COLGATE WISP PEPPERMINT 4PK  !=1
HALLS PLUS CHERRY STICK 9CT cmp COPPERTONE SPORT SPF 30 3oz!=1
HALLS PLUS CHERRY STICK 9CT cmp LADY SPEED STICK A/P 2.3Z SHW!=-1
LADY SPEED STICK A/P 2.3Z SHW! cmp HALLS PLUS HONEY LEMON STICK 9=1
LADY SPEED STICK A/P 2.3Z SHW! cmp HALLS STICK CHERRY 9 PCS=1
LADY SPEED STICK A/P 2.3Z SHW! cmp HALLS STICK HONEY-LEMON 9 PCS=1
LADY SPEED STICK A/P 2.3Z SHW! cmp HALLS STICK ICE-PEPPERMINT 9PC=1
LADY SPEED STICK A/P 2.3Z SHW! cmp HALLS STICK SPEARMINT 9 PCS=1
LADY SPEED STICK A/P 2.3Z SHW! cmp HALLS STICK STRAWBERRY 9 PCS=1
LADY SPEED STICK A/P 2.3Z SHW! cmp LIL ESSEN CLEAR EYES 2 OZ    !=-1
LIFESTYLES KYNG GOLD 3'S     ! cmp LIL ESSEN CLEAR EYES 2 OZ    !=-1
LIL ESSEN CLEAR EYES 2 OZ    ! cmp LIFESTYLES SKYN 3'S          !=1
LIL ESSEN CLEAR EYES 2 OZ    ! cmp LIL ESSEN GILLETTE SHAVING KI!=-1
LIL ESSEN GILLETTE SHAVING KI! cmp LIL ESSEN PERT PLUS SHAMP 2Z !=-1
LIL ESSEN PERT PLUS SHAMP 2Z ! cmp LIL ESSEN LUBRIDERM LOTION 1Z!=1
LIL ESSEN PERT PLUS SHAMP 2Z ! cmp LINT ROLLER - MINI - 30'S    !=-1
LINT ROLLER - MINI - 30'S    ! cmp LIL ESSEN REFRESH TEARS .1Z  !=1
LINT ROLLER - MINI - 30'S    ! cmp LIL ESSEN TOOTHBRSH&PASTE .85!=1
LINT ROLLER - MINI - 30'S    ! cmp ROLAIDS EXTRA TABLETS FRUIT=-1
OLD SPICE DEOD PURE SPRT 2.2Z! cmp ROLAIDS EXTRA TABLETS FRUIT=-1
ROLAIDS EXTRA TABLETS FRUIT cmp UNISOM SLEEP GELS 8S         !=-1
UNISOM SLEEP GELS 8S         ! cmp ROLAIDS EXTRA TABLETS MINT 10c=1
UNISOM SLEEP GELS 8S         ! cmp ROLAIDS ULTRA TABLETS FRUIT 10=1
UNISOM SLEEP GELS 8S         ! cmp SCUNCI BLACK ELASTICS 12CT   !=1
UNISOM SLEEP GELS 8S         ! cmp SCUNCI EMERY BOARDS 10CT     !=1
UNISOM SLEEP GELS 8S         ! cmp SCUNCI NAIL CLIPPER W/FILE   !=1
UNISOM SLEEP GELS 8S         ! cmp SCUNCI VENT BRUSH            !=1
UNISOM SLEEP GELS 8S         ! cmp SP HALLS BAGS DEFENSE WAT 30CT=1
UNISOM SLEEP GELS 8S         ! cmp SP HALLS BAGS MENT LYPTUS 30CT=1
UNISOM SLEEP GELS 8S         ! cmp TUMS SMOOTHIES ASST FRT BOTTLE=1
LISTERINE POCKT PAK COOLMNT24! cmp 100 GRAND KING SIZE 2.8Z     !=1
LISTERINE POCKT PAK COOLMNT24! cmp ALTOIDS SMALLS CINNAMON=1
LISTERINE POCKT PAK COOLMNT24! cmp ALTOIDS TIN PEPPERMINT=1
LISTERINE POCKT PAK COOLMNT24! cmp DENTYNE ICE WINTER CHILL 16PC=1
LISTERINE POCKT PAK COOLMNT24! cmp MENTOS ROLL SPEARMINT=-1
LISTERINE POCKT PAK COOLMNT24! cmp M&Ms ALMOND KING 2.83Z       !=-1
LISTERINE POCKT PAK COOLMNT24! cmp EXTRA SPEARMINT SLIM PACK=1
LISTERINE POCKT PAK COOLMNT24! cmp HERSHEY KING SIZE MILK=1
LISTERINE POCKT PAK COOLMNT24! cmp LIFESAVER 88501 5-FLAVOR PEG=1
M&Ms ALMOND KING 2.83Z       ! cmp LISTERINE POCKT PAK FRESH 24S!=1
5-HOUR ENERGY BERRY 2Z       ! cmp ADVIL CONGESTION RELIEF 10CT !=-1
ADVIL CONGESTION RELIEF 10CT ! cmp 5-HOUR ENERGY EX STR BERRY 2Z=1
ADVIL CONGESTION RELIEF 10CT ! cmp 5-HOUR ENERGY GRAPE 2Z       !=1
ADVIL CONGESTION RELIEF 10CT ! cmp 5-HOUR ENERGY LEMON LIME 2Z  !=1
ADVIL CONGESTION RELIEF 10CT ! cmp 5-HOUR ENERGY ORANGE 2Z      !=1
ADVIL CONGESTION RELIEF 10CT ! cmp ADVIL CAPLETS 24'S           !=1
ADVIL CONGESTION RELIEF 10CT ! cmp AFRIN SPRAY .5 OZ            !=-1
ADVIL LIQUI-GELS   20ct      ! cmp AFRIN SPRAY .5 OZ            !=-1
AFRIN SPRAY .5 OZ            ! cmp ADVIL MIGRANE CAPLET 20ct=1
AFRIN SPRAY .5 OZ            ! cmp ADVIL TABLETS VIAL PEG 10'S  !=1
AFRIN SPRAY .5 OZ            ! cmp ADVIL TABS 24'S              !=1
AFRIN SPRAY .5 OZ            ! cmp ALEVE CAPLETS 24ct           !=-1
ALEVE CAPLETS 24ct           ! cmp AIRBORNE CHEWABLE BERRY 32PC=1
ALEVE CAPLETS 24ct           ! cmp AIRBORNE ORANGE 10 PIECE     !=1
ALEVE CAPLETS 24ct           ! cmp AQUAPHOR OINTMENT 1.75Z      !=-1
ALEVE LIQUID GELS 20CT cmp AQUAPHOR OINTMENT 1.75Z      !=-1
AQUAPHOR OINTMENT 1.75Z      ! cmp ALEVE TABLETS 24ct           !=1
AQUAPHOR OINTMENT 1.75Z      ! cmp AQUAFRESH EXFRSH+WHITENING 3z!=1
AQUAPHOR OINTMENT 1.75Z      ! cmp BENADRYL ALLGRY ULTRATAB 24CT=-1
BENADRYL ALLGRY ULTRATAB 24CT cmp AVEENO DAILY LOTION 2.5Z     !=1
BENADRYL ALLGRY ULTRATAB 24CT cmp AXE DEODORANT TRAVEL SIZE 1Z !=1
BENADRYL ALLGRY ULTRATAB 24CT cmp BAUSCH & LOMB MULTIPLUS 4Z   !=1
BENADRYL ALLGRY ULTRATAB 24CT cmp COLGATE TOOTHPASTE 2.8Z      !=-1
DRAMAMINE CHEWABLE ORANGE 8CT cmp COLGATE TOOTHPASTE 2.8Z      !=1
DRAMAMINE CHEWABLE ORANGE 8CT cmp COLGATE WISP CM WHITENING 4PK!=1
DRAMAMINE CHEWABLE ORANGE 8CT cmp COLGATE WISP PEPPERMINT 4PK  !=1
DRAMAMINE CHEWABLE ORANGE 8CT cmp COPPERTONE SPORT SPF 30 3oz!=1
DRAMAMINE CHEWABLE ORANGE 8CT cmp HALLS PLUS CHERRY STICK 9CT=-1
DRAMAMINE LESS DROWSY CARD 8CT cmp HALLS PLUS CHERRY STICK 9CT=-1
HALLS PLUS CHERRY STICK 9CT cmp DRAMAMINE TABLET VIAL 12 CT  !=1
HALLS PLUS CHERRY STICK 9CT cmp EAR PLUG CHILDRENS EAR PLANES!=1
HALLS PLUS CHERRY STICK 9CT cmp EAR PLUG EARPLANES           !=1
HALLS PLUS CHERRY STICK 9CT cmp J & J BABY POWDER 4 OZ       !=-1
J & J BABY POWDER 4 OZ       ! cmp HALLS PLUS HONEY LEMON STICK 9=1
J & J BABY POWDER 4 OZ       ! cmp HALLS STICK CHERRY 9 PCS=1
J & J BABY POWDER 4 OZ       ! cmp HALLS STICK HONEY-LEMON 9 PCS=1
J & J BABY POWDER 4 OZ       ! cmp HALLS STICK ICE-PEPPERMINT 9PC=1
J & J BABY POWDER 4 OZ       ! cmp HALLS STICK SPEARMINT 9 PCS=1
J & J BABY POWDER 4 OZ       ! cmp HALLS STICK STRAWBERRY 9 PCS=1
J & J BABY POWDER 4 OZ       ! cmp LADY SPEED STICK A/P 2.3Z SHW!=-1
J & J BABY TAKE-A-LONG KIT 6P! cmp LADY SPEED STICK A/P 2.3Z SHW!=-1
LADY SPEED STICK A/P 2.3Z SHW! cmp J & J BAND AID TRAVEL CLR 8'S!=1
LADY SPEED STICK A/P 2.3Z SHW! cmp JOHNSON'S BABY LOTION 3Z     !=1
LADY SPEED STICK A/P 2.3Z SHW! cmp JOHNSON'S BABY SHAMPOO 3Z    !=1
LADY SPEED STICK A/P 2.3Z SHW! cmp KLEENEX POCKET PACK 10CT/3PLY!=1
LADY SPEED STICK A/P 2.3Z SHW! cmp LIL DRUG 3 DOSE ADVIL 6CT    !=-1
LIL DRUG 3 DOSE ADVIL 6CT    ! cmp LIFESTYLES KYNG GOLD 3'S     !=1
LIL DRUG 3 DOSE ADVIL 6CT    ! cmp LIFESTYLES SKYN 3'S          !=1
LIL DRUG 3 DOSE ADVIL 6CT    ! cmp LIL ESSEN CLEAR EYES 2 OZ    !=-1
LIL DRUG 3 DOSE ALEVE 3CT    ! cmp LIL ESSEN CLEAR EYES 2 OZ    !=-1
LIL ESSEN CLEAR EYES 2 OZ    ! cmp LIL DRUG 3 DOSE DAYQL SER 6CT!=1
LIL ESSEN CLEAR EYES 2 OZ    ! cmp LIL DRUG 3 DOSE NYQUIL 6CT   !=1
LIL ESSEN CLEAR EYES 2 OZ    ! cmp LIL DRUG 3DOSE TYLE ES CAP 6CT=1
LIL ESSEN CLEAR EYES 2 OZ    ! cmp MIDOL COMPLETE CAPLETS 16ct=-1
MIDOL COMPLETE CAPLETS 16ct cmp LIL ESSEN GILLETTE SHAVING KI!=1
MIDOL COMPLETE CAPLETS 16ct cmp LIL ESSEN LUBRIDERM LOTION 1Z!=1
MIDOL COMPLETE CAPLETS 16ct cmp LIL ESSEN PERT PLUS SHAMP 2Z !=1
MIDOL COMPLETE CAPLETS 16ct cmp LIL ESSEN REFRESH TEARS .1Z  !=1
MIDOL COMPLETE CAPLETS 16ct cmp LIL ESSEN TOOTHBRSH&PASTE .85!=1
MIDOL COMPLETE CAPLETS 16ct cmp LINT ROLLER - MINI - 30'S    !=1
MIDOL COMPLETE CAPLETS 16ct cmp OLD SPICE DEOD PURE SPRT 2.2Z!=-1
MOTRIN IB PM CAPLETS 20ct    ! cmp OLD SPICE DEOD PURE SPRT 2.2Z!=-1
OLD SPICE DEOD PURE SPRT 2.2Z! cmp NEOSPORIN OINTMENT .5Z       !=1
OLD SPICE DEOD PURE SPRT 2.2Z! cmp PEPTO BISMOL 4 OZ BOTTLE     !=-1
PEPTO BISMOL 4 OZ BOTTLE     ! cmp ROLAIDS EXTRA TABLETS FRUIT=-1
ROLAIDS EXTRA TABLETS FRUIT cmp PEPTO BISMOL TABS 30'S REG   !=1
ROLAIDS EXTRA TABLETS FRUIT cmp STAYFREE MAXI W.WINGS 18CT   !=-1
STAYFREE MAXI W.WINGS 18CT   ! cmp ROLAIDS EXTRA TABLETS MINT 10c=1
STAYFREE MAXI W.WINGS 18CT   ! cmp ROLAIDS ULTRA TABLETS FRUIT 10=1
STAYFREE MAXI W.WINGS 18CT   ! cmp SCUNCI BLACK ELASTICS 12CT   !=1
STAYFREE MAXI W.WINGS 18CT   ! cmp SCUNCI EMERY BOARDS 10CT     !=1
STAYFREE MAXI W.WINGS 18CT   ! cmp SCUNCI NAIL CLIPPER W/FILE   !=1
STAYFREE MAXI W.WINGS 18CT   ! cmp SCUNCI VENT BRUSH            !=1
STAYFREE MAXI W.WINGS 18CT   ! cmp SP HALLS BAGS DEFENSE WAT 30CT=1
STAYFREE MAXI W.WINGS 18CT   ! cmp SP HALLS BAGS MENT LYPTUS 30CT=1
STAYFREE MAXI W.WINGS 18CT   ! cmp VASELINE TTL MOIST LOTION 3Z !=-1
STAYFREE MAXI W.WINGS 18CT   ! cmp TUMS SMOOTHIES ASST FRT BOTTLE=-1
STAYFREE MAXI W.WINGS 18CT   ! cmp SP HALLS BAGS TROP FRUIT 30CT=1
TAMPAX 10'S REGULAR          ! cmp TUMS SMOOTHIES ASST FRT BOTTLE=-1
TUMS SMOOTHIES ASST FRT BOTTLE cmp TAMPAX 10s SUPER             !=1
TUMS SMOOTHIES ASST FRT BOTTLE cmp TYLENOL CLD/FLU SEVERE 24CT=-1
TYLENOL CLD/FLU SEVERE 24CT cmp UNISOM SLEEP GELS 8S         !=-1
UNISOM SLEEP GELS 8S         ! cmp TYLENOL X-STR CAPLETS 24S    !=1
UNISOM SLEEP GELS 8S         ! cmp VISINE A.C. BOTTLE .5OZ      !=-1
VISINE A.C. BOTTLE .5OZ      ! cmp VASELINE TTL MOIST LOTION 3Z !=1
VISINE A.C. BOTTLE .5OZ      ! cmp VICKS NYQUIL COLD/FLU PM 8Z  !=1
VISINE A.C. BOTTLE .5OZ      ! cmp VISINE EYE DROPS .5 OZ       !=-1
WET ONES SENS ANTIBACT 15PC! cmp VISINE EYE DROPS .5 OZ       !=1
CHEX MIX 35183 BOLD PARTY3.75Z cmp CHEX MIX 16795 CHOCOLATEPB4.5Z=1
CHEX MIX 35183 BOLD PARTY3.75Z cmp CHEX MIX 35185 CRMEL CRNCH3.75=-1
CHEX MIX 35184 HOT'N SPI 3.75Z cmp CHEX MIX 35185 CRMEL CRNCH3.75=-1
CHIPS AHOY MINI SNAK-SAK 8Z cmp SAHALE SNACKS CASHEW/POMEG 4Z=-1
SAHALE SNACKS CASHEW/POMEG 4Z cmp TGI FRIDAY CHD&SC POT SKIN 3Z!=-1
TGI FRIDAY CHD&SC POT SKIN 3Z! cmp TEDDY GRAHAMS HNY SNAK-SAK 8Z=1
CHEX MIX 16795 CHOCOLATEPB4.5Z cmp CHIPS AHOY MINI SNAK-SAK 8Z=-1
CHIPS AHOY MINI SNAK-SAK 8Z cmp CHEX MIX 35183 BOLD PARTY3.75Z=1
CHIPS AHOY MINI SNAK-SAK 8Z cmp CHEX MIX 35184 HOT'N SPI 3.75Z=1
CHIPS AHOY MINI SNAK-SAK 8Z cmp CHEX MIX 35185 CRMEL CRNCH3.75=1
SAHALE SNACKS HONEY/ALMOND 4Z cmp BUGLES 14751 CARAMEL 3.5Z=1
SAHALE SNACKS HONEY/ALMOND 4Z cmp BUGLES 28086 ORIGINAL 3Z=1
BUGLES 14751 CARAMEL 3.5Z cmp BUGLES 28087 NACHO 3Z=-1
BUGLES 28087 NACHO 3Z cmp BUGLES 28086 ORIGINAL 3Z=1
BUGLES 28087 NACHO 3Z cmp SAHALE SNACKS HONEY/ALMOND 4Z=-1
SAHALE SNACKS HONEY/ALMOND 4Z cmp WONDERFUL PIST LITE SALT 8Z  !=-1
WONDERFUL PIST LITE SALT 8Z  ! cmp SAHALE SNACKS MAPLE PECANS 4Z=1
CHEX MIX 16795 CHOCOLATEPB4.5Z cmp BUGLES 14751 CARAMEL 3.5Z=1
CHEX MIX 16795 CHOCOLATEPB4.5Z cmp BUGLES 28086 ORIGINAL 3Z=1
CHEX MIX 16795 CHOCOLATEPB4.5Z cmp BUGLES 28087 NACHO 3Z=1
CHEX MIX 16795 CHOCOLATEPB4.5Z cmp SAHALE SNACKS HONEY/ALMOND 4Z=-1
CHEX MIX 35183 BOLD PARTY3.75Z cmp SAHALE SNACKS HONEY/ALMOND 4Z=-1
SAHALE SNACKS HONEY/ALMOND 4Z cmp CHEX MIX 35184 HOT'N SPI 3.75Z=1
SAHALE SNACKS HONEY/ALMOND 4Z cmp CHEX MIX 35185 CRMEL CRNCH3.75=1
SAHALE SNACKS HONEY/ALMOND 4Z cmp CHIPS AHOY MINI SNAK-SAK 8Z=1
SAHALE SNACKS HONEY/ALMOND 4Z cmp SAHALE SNACKS CASHEW/POMEG 4Z=1
SAHALE SNACKS HONEY/ALMOND 4Z cmp TEDDY GRAHAMS HNY SNAK-SAK 8Z=-1
TEDDY GRAHAMS HNY SNAK-SAK 8Z cmp SAHALE SNACKS MAPLE PECANS 4Z=1
TEDDY GRAHAMS HNY SNAK-SAK 8Z cmp WONDERFUL PIST LITE SALT 8Z  !=-1
TGI FRIDAY CHD&SC POT SKIN 3Z! cmp WONDERFUL PIST LITE SALT 8Z  !=-1
COMBOS LG CHED CH CRK 6.3Z! cmp COMBOS LG CHED CH PRETZ 6.3z !=-1
COMBOS LG CHED CH PRETZ 6.3z ! cmp FLIPZ 054 WHITE FUDGE PRETZ 5Z=-1
FLIPZ 054 WHITE FUDGE PRETZ 5Z cmp COMBOS LG PEPP PIZZA CRK 6.3z!=1
KEEBLER CHEESE/CHEDDAR 8CT cmp KEEBLER TOAST/PB CRACKER 8CT=-1
KEEBLER TOAST/PB CRACKER 8CT cmp KEEBLER CHEESE/PB CRKR 8CT=1
COMBOS LG CHED CH CRK 6.3Z! cmp KEEBLER CHEESE/CHEDDAR 8CT=-1
KEEBLER CHEESE/CHEDDAR 8CT cmp COMBOS LG CHED CH PRETZ 6.3z !=1
KEEBLER CHEESE/CHEDDAR 8CT cmp COMBOS LG PEPP PIZZA CRK 6.3z!=1
KEEBLER CHEESE/CHEDDAR 8CT cmp FLIPZ 054 WHITE FUDGE PRETZ 5Z=1
SNYDERS PRETZ SAND CHEESE 2.2Z cmp SNYDERS PRETZ SSS HNY/MST 3.5Z=-1
SNYDERS PRETZ SSS HNY/MST 3.5Z cmp SNYDERS PRETZ SAND PB 2.2Z=1
SNYDERS PRETZ SAND CHEESE 2.2Z cmp SNYDERS PRETZ SSS NIBS 3.5Z=-1
SNYDERS PRETZ SSS NIBS 3.5Z cmp SNYDERS PRETZ SAND PB 2.2Z=1
SNYDERS PRETZ SSS NIBS 3.5Z cmp SNYDERS PRETZ SSS HNY/MST 3.5Z=1
SNYDERS PRETZ SSS NIBS 3.5Z cmp SNYDERS PRETZ SSS MINIS 3.5Z=1
COMBOS LG CHED CH CRK 6.3Z! cmp SNYDERS PRETZ SAND CHEESE 2.2Z=-1
SNYDERS PRETZ SAND CHEESE 2.2Z cmp COMBOS LG CHED CH PRETZ 6.3z !=1
SNYDERS PRETZ SAND CHEESE 2.2Z cmp COMBOS LG PEPP PIZZA CRK 6.3z!=1
SNYDERS PRETZ SAND CHEESE 2.2Z cmp FLIPZ 054 WHITE FUDGE PRETZ 5Z=1
SNYDERS PRETZ SAND CHEESE 2.2Z cmp KEEBLER CHEESE/CHEDDAR 8CT=1
SNYDERS PRETZ SAND CHEESE 2.2Z cmp KEEBLER CHEESE/PB CRKR 8CT=1
SNYDERS PRETZ SAND CHEESE 2.2Z cmp KEEBLER TOAST/PB CRACKER 8CT=1
SNYDERS PRETZ SAND CHEESE 2.2Z cmp RICKLAND COATED PRETZELS 6.5Z!=1
BUGLES 14751 CARAMEL 3.5Z cmp COMBOS LG CHED CH CRK 6.3Z!=-1
COMBOS LG CHED CH CRK 6.3Z! cmp BUGLES 28086 ORIGINAL 3Z=1
COMBOS LG CHED CH CRK 6.3Z! cmp BUGLES 28087 NACHO 3Z=1
COMBOS LG CHED CH CRK 6.3Z! cmp CHEX MIX 16795 CHOCOLATEPB4.5Z=1
COMBOS LG CHED CH CRK 6.3Z! cmp CHEX MIX 35183 BOLD PARTY3.75Z=1
COMBOS LG CHED CH CRK 6.3Z! cmp CHEX MIX 35184 HOT'N SPI 3.75Z=1
COMBOS LG CHED CH CRK 6.3Z! cmp CHEX MIX 35185 CRMEL CRNCH3.75=1
COMBOS LG CHED CH CRK 6.3Z! cmp SAHALE SNACKS CASHEW/POMEG 4Z=-1
COMBOS LG CHED CH CRK 6.3Z! cmp CHIPS AHOY MINI SNAK-SAK 8Z=1
SAHALE SNACKS CASHEW/POMEG 4Z cmp COMBOS LG CHED CH PRETZ 6.3z !=1
SAHALE SNACKS CASHEW/POMEG 4Z cmp COMBOS LG PEPP PIZZA CRK 6.3z!=1
SAHALE SNACKS CASHEW/POMEG 4Z cmp FLIPZ 054 WHITE FUDGE PRETZ 5Z=1
SAHALE SNACKS CASHEW/POMEG 4Z cmp KEEBLER CHEESE/CHEDDAR 8CT=1
SAHALE SNACKS CASHEW/POMEG 4Z cmp KEEBLER CHEESE/PB CRKR 8CT=1
SAHALE SNACKS CASHEW/POMEG 4Z cmp KEEBLER TOAST/PB CRACKER 8CT=1
SAHALE SNACKS CASHEW/POMEG 4Z cmp RICKLAND COATED PRETZELS 6.5Z!=1
SAHALE SNACKS CASHEW/POMEG 4Z cmp SNYDERS PRETZ SAND PB 2.2Z=-1
SAHALE SNACKS CASHEW/POMEG 4Z cmp SNYDERS PRETZ SAND CHEESE 2.2Z=-1
SAHALE SNACKS HONEY/ALMOND 4Z cmp SNYDERS PRETZ SAND CHEESE 2.2Z=-1
SNYDERS PRETZ SAND CHEESE 2.2Z cmp SAHALE SNACKS MAPLE PECANS 4Z=1
SNYDERS PRETZ SAND CHEESE 2.2Z cmp TEDDY GRAHAMS HNY SNAK-SAK 8Z=-1
TEDDY GRAHAMS HNY SNAK-SAK 8Z cmp SNYDERS PRETZ SAND PB 2.2Z=1
TEDDY GRAHAMS HNY SNAK-SAK 8Z cmp SNYDERS PRETZ SSS HNY/MST 3.5Z=1
TEDDY GRAHAMS HNY SNAK-SAK 8Z cmp SNYDERS PRETZ SSS MINIS 3.5Z=1
TEDDY GRAHAMS HNY SNAK-SAK 8Z cmp SNYDERS PRETZ SSS NIBS 3.5Z=1
TEDDY GRAHAMS HNY SNAK-SAK 8Z cmp SNYDERS PRETZ SSS OLDTYM 2.75Z=1
ODWALLA BAR BANANA NUT 2Z cmp ODWALLA BAR BERRIES GO MEGA 2Z=-1
ODWALLA BAR BERRIES GO MEGA 2Z cmp ODWALLA BAR CHOC CHIP PNUT 2Z=-1
ODWALLA BAR CHOC CHIP PNUT 2Z cmp POWER BAR HARVEST STRAW 2.3Z !=-1
POWER BAR CHOC PNUT BUTTR 2.3! cmp NAT VAL OATS & HON 1.5Z     !=1
POWER BAR CHOC PNUT BUTTR 2.3! cmp NAT VAL PNUT BUTT 1.5Z      !=1
ODWALLA BAR BANANA NUT 2Z cmp NAT VAL OATS & HON 1.5Z     !=1
ODWALLA BAR BANANA NUT 2Z cmp NAT VAL PNUT BUTT 1.5Z      !=1
ODWALLA BAR BANANA NUT 2Z cmp POWER BAR CHOC PNUT BUTTR 2.3!=-1
ODWALLA BAR BERRIES GO MEGA 2Z cmp POWER BAR CHOC PNUT BUTTR 2.3!=-1
POWER BAR CHOC PNUT BUTTR 2.3! cmp ODWALLA BAR CHOC CHIP PNUT 2Z=1
POWER BAR CHOC PNUT BUTTR 2.3! cmp POWER BAR HARVEST STRAW 2.3Z !=-1
POWER BAR HARVEST STRAW 2.3Z ! cmp POWER BAR OATMEAL RAISIN 2.3Z!=-1
LUNA BAR LEMON ZEST 1.69Z cmp LUNA BAR SMORES 1.69 OZ=-1
LUNA BAR SMORES 1.69 OZ cmp LUNA BAR NUTZ OVER CHOC 1.69Z=1
LUNA BAR LEMON ZEST 1.69Z cmp CLIF BAR CH.CHP PNUT 2.4 OZ=1
LUNA BAR LEMON ZEST 1.69Z cmp ZONEPERFECT BAR FUDGE GRAHM=-1
LUNA BAR NUTZ OVER CHOC 1.69Z cmp ZONEPERFECT BAR FUDGE GRAHM=-1
ZONEPERFECT BAR FUDGE GRAHM cmp LUNA BAR SMORES 1.69 OZ=1
ZONEPERFECT BAR FUDGE GRAHM cmp ZONEPERFECT BAR DK CHOC/ALMOND=1
NAT VAL OATS & HON 1.5Z     ! cmp CLIF BAR CH.CHP PNUT 2.4 OZ=1
NAT VAL OATS & HON 1.5Z     ! cmp LUNA BAR LEMON ZEST 1.69Z=1
NAT VAL OATS & HON 1.5Z     ! cmp LUNA BAR NUTZ OVER CHOC 1.69Z=1
NAT VAL OATS & HON 1.5Z     ! cmp LUNA BAR SMORES 1.69 OZ=1
NAT VAL OATS & HON 1.5Z     ! cmp ZONEPERFECT BAR DK CHOC/ALMOND=-1
NAT VAL PNUT BUTT 1.5Z      ! cmp ZONEPERFECT BAR DK CHOC/ALMOND=-1
ZONEPERFECT BAR DK CHOC/ALMOND cmp ODWALLA BAR BANANA NUT 2Z=1
ZONEPERFECT BAR DK CHOC/ALMOND cmp ODWALLA BAR BERRIES GO MEGA 2Z=1
ZONEPERFECT BAR DK CHOC/ALMOND cmp ODWALLA BAR CHOC CHIP PNUT 2Z=1
ZONEPERFECT BAR DK CHOC/ALMOND cmp POWER BAR CHOC PNUT BUTTR 2.3!=1
ZONEPERFECT BAR DK CHOC/ALMOND cmp POWER BAR HARVEST STRAW 2.3Z !=1
ZONEPERFECT BAR DK CHOC/ALMOND cmp POWER BAR OATMEAL RAISIN 2.3Z!=1
CLIF BAR CRUNCH PNUT BUTR 2.4Z cmp CLIF BAR WH CHOC MACADAMIA 2.4=-1
CLIF BAR WH CHOC MACADAMIA 2.4 cmp CLIF BAR OATMEAL RAISIN WNT2.4=1
KIND ALMOND & COCONUT 1.4Z cmp KIND DK CHOC CHERRY CASHEW 1.4=-1
KIND DK CHOC CHERRY CASHEW 1.4 cmp KIND DK CHOC & SEA SALT 1.4Z=1
CLIF BAR CRUNCH PNUT BUTR 2.4Z cmp KIND ALMOND & COCONUT 1.4Z=-1
KIND ALMOND & COCONUT 1.4Z cmp CLIF BAR OATMEAL RAISIN WNT2.4=1
KIND ALMOND & COCONUT 1.4Z cmp CLIF BAR WH CHOC MACADAMIA 2.4=1
KIND ALMOND & COCONUT 1.4Z cmp KIND ALMOND & APRICOT 1.4Z=1
KIND PB&DK CHOC W/PROTEIN 1.4Z cmp BALANCE BAR CHOCOLATE=1
KIND PB&DK CHOC W/PROTEIN 1.4Z cmp KIND PLUS CRANBRY ALMOND 1.4Z=-1
KIND PLUS ALMOND CASHEW 1.4Z cmp KIND PLUS CRANBRY ALMOND 1.4Z=-1
BALANCE BAR CHOCOLATE cmp BALANCE BAR GOLD CARAMEL NUT=-1
BALANCE BAR GOLD CARAMEL NUT cmp KIND PB&DK CHOC W/PROTEIN 1.4Z=-1
KIND PB&DK CHOC W/PROTEIN 1.4Z cmp SKINNY GIRL BAN OAT CHOC 1.4Z!=-1
SKINNY GIRL BAN OAT CHOC 1.4Z! cmp KIND PLUS ALMOND CASHEW 1.4Z=1
SKINNY GIRL BAN OAT CHOC 1.4Z! cmp KIND PLUS CRANBRY ALMOND 1.4Z=1
CLIF BAR CRUNCH PNUT BUTR 2.4Z cmp BALANCE BAR CHOCOLATE=1
CLIF BAR CRUNCH PNUT BUTR 2.4Z cmp BALANCE BAR GOLD CARAMEL NUT=1
CLIF BAR CRUNCH PNUT BUTR 2.4Z cmp KIND PB&DK CHOC W/PROTEIN 1.4Z=-1
CLIF BAR OATMEAL RAISIN WNT2.4 cmp KIND PB&DK CHOC W/PROTEIN 1.4Z=-1
KIND PB&DK CHOC W/PROTEIN 1.4Z cmp CLIF BAR WH CHOC MACADAMIA 2.4=1
KIND PB&DK CHOC W/PROTEIN 1.4Z cmp KIND ALMOND & APRICOT 1.4Z=1
KIND PB&DK CHOC W/PROTEIN 1.4Z cmp KIND ALMOND & COCONUT 1.4Z=1
KIND PB&DK CHOC W/PROTEIN 1.4Z cmp KIND DK CHOC & SEA SALT 1.4Z=1
KIND PB&DK CHOC W/PROTEIN 1.4Z cmp KIND DK CHOC CHERRY CASHEW 1.4=1
KIND PB&DK CHOC W/PROTEIN 1.4Z cmp KIND PB & STRAWBERRY 1.4Z=1
CLIF BAR CH.CHP PNUT 2.4 OZ cmp BALANCE BAR CHOCOLATE=1
CLIF BAR CH.CHP PNUT 2.4 OZ cmp BALANCE BAR GOLD CARAMEL NUT=1
CLIF BAR CH.CHP PNUT 2.4 OZ cmp CLIF BAR CRUNCH PNUT BUTR 2.4Z=-1
LUNA BAR LEMON ZEST 1.69Z cmp CLIF BAR CRUNCH PNUT BUTR 2.4Z=1
LUNA BAR LEMON ZEST 1.69Z cmp CLIF BAR OATMEAL RAISIN WNT2.4=1
LUNA BAR LEMON ZEST 1.69Z cmp CLIF BAR WH CHOC MACADAMIA 2.4=1
LUNA BAR LEMON ZEST 1.69Z cmp KIND ALMOND & APRICOT 1.4Z=1
LUNA BAR LEMON ZEST 1.69Z cmp KIND ALMOND & COCONUT 1.4Z=1
LUNA BAR LEMON ZEST 1.69Z cmp KIND DK CHOC & SEA SALT 1.4Z=1
LUNA BAR LEMON ZEST 1.69Z cmp KIND DK CHOC CHERRY CASHEW 1.4=1
LUNA BAR LEMON ZEST 1.69Z cmp KIND PB&DK CHOC W/PROTEIN 1.4Z=1
LUNA BAR LEMON ZEST 1.69Z cmp SKINNY GIRL BAN OAT CHOC 1.4Z!=-1
LUNA BAR LEMON ZEST 1.69Z cmp KIND PLUS ALMOND CASHEW 1.4Z=1
LUNA BAR LEMON ZEST 1.69Z cmp KIND PLUS CRANBRY ALMOND 1.4Z=1
LUNA BAR NUTZ OVER CHOC 1.69Z cmp SKINNY GIRL BAN OAT CHOC 1.4Z!=-1
SKINNY GIRL BAN OAT CHOC 1.4Z! cmp LUNA BAR SMORES 1.69 OZ=1
SKINNY GIRL BAN OAT CHOC 1.4Z! cmp NAT VAL OATS & HON 1.5Z     !=1
SKINNY GIRL BAN OAT CHOC 1.4Z! cmp NAT VAL PNUT BUTT 1.5Z      !=1
SKINNY GIRL BAN OAT CHOC 1.4Z! cmp ODWALLA BAR BANANA NUT 2Z=1
SKINNY GIRL BAN OAT CHOC 1.4Z! cmp ODWALLA BAR BERRIES GO MEGA 2Z=1
SKINNY GIRL BAN OAT CHOC 1.4Z! cmp ODWALLA BAR CHOC CHIP PNUT 2Z=1
SKINNY GIRL BAN OAT CHOC 1.4Z! cmp POWER BAR HARVEST STRAW 2.3Z !=1
SKINNY GIRL BAN OAT CHOC 1.4Z! cmp ZONEPERFECT BAR FUDGE GRAHM=-1
SKINNY GIRL BAN OAT CHOC 1.4Z! cmp POWER BAR OATMEAL RAISIN 2.3Z!=1
SKINNY GIRL BAN OAT CHOC 1.4Z! cmp ZONEPERFECT BAR DK CHOC/ALMOND=-1
BUGLES 14751 CARAMEL 3.5Z cmp BALANCE BAR CHOCOLATE=1
BUGLES 14751 CARAMEL 3.5Z cmp BALANCE BAR GOLD CARAMEL NUT=1
BUGLES 14751 CARAMEL 3.5Z cmp CLIF BAR CH.CHP PNUT 2.4 OZ=-1
BUGLES 28086 ORIGINAL 3Z cmp CLIF BAR CH.CHP PNUT 2.4 OZ=-1
CLIF BAR CH.CHP PNUT 2.4 OZ cmp BUGLES 28087 NACHO 3Z=1
CLIF BAR CH.CHP PNUT 2.4 OZ cmp CHEX MIX 16795 CHOCOLATEPB4.5Z=1
CLIF BAR CH.CHP PNUT 2.4 OZ cmp CHEX MIX 35183 BOLD PARTY3.75Z=1
CLIF BAR CH.CHP PNUT 2.4 OZ cmp CHEX MIX 35184 HOT'N SPI 3.75Z=1
CLIF BAR CH.CHP PNUT 2.4 OZ cmp CHEX MIX 35185 CRMEL CRNCH3.75=1
CLIF BAR CH.CHP PNUT 2.4 OZ cmp CHIPS AHOY MINI SNAK-SAK 8Z=1
CLIF BAR CH.CHP PNUT 2.4 OZ cmp COMBOS LG CHED CH PRETZ 6.3z !=-1
CLIF BAR CH.CHP PNUT 2.4 OZ cmp COMBOS LG CHED CH CRK 6.3Z!=-1
COMBOS LG CHED CH CRK 6.3Z! cmp CLIF BAR CRUNCH PNUT BUTR 2.4Z=1
COMBOS LG CHED CH CRK 6.3Z! cmp CLIF BAR OATMEAL RAISIN WNT2.4=1
COMBOS LG CHED CH CRK 6.3Z! cmp CLIF BAR WH CHOC MACADAMIA 2.4=1
COMBOS LG CHED CH CRK 6.3Z! cmp KIND ALMOND & APRICOT 1.4Z=-1
COMBOS LG CHED CH PRETZ 6.3z ! cmp KIND ALMOND & APRICOT 1.4Z=-1
KIND ALMOND & APRICOT 1.4Z cmp COMBOS LG PEPP PIZZA CRK 6.3z!=1
KIND ALMOND & APRICOT 1.4Z cmp FLIPZ 054 WHITE FUDGE PRETZ 5Z=1
KIND ALMOND & APRICOT 1.4Z cmp KEEBLER CHEESE/CHEDDAR 8CT=1
KIND ALMOND & APRICOT 1.4Z cmp KEEBLER CHEESE/PB CRKR 8CT=1
KIND ALMOND & APRICOT 1.4Z cmp KEEBLER TOAST/PB CRACKER 8CT=1
KIND ALMOND & APRICOT 1.4Z cmp RICKLAND COATED PRETZELS 6.5Z!=-1
RICKLAND COATED PRETZELS 6.5Z! cmp KIND ALMOND & COCONUT 1.4Z=1
RICKLAND COATED PRETZELS 6.5Z! cmp KIND DK CHOC & SEA SALT 1.4Z=1
RICKLAND COATED PRETZELS 6.5Z! cmp KIND DK CHOC CHERRY CASHEW 1.4=1
RICKLAND COATED PRETZELS 6.5Z! cmp KIND PB & STRAWBERRY 1.4Z=1
RICKLAND COATED PRETZELS 6.5Z! cmp KIND PB&DK CHOC W/PROTEIN 1.4Z=1
RICKLAND COATED PRETZELS 6.5Z! cmp KIND PLUS ALMOND CASHEW 1.4Z=1
RICKLAND COATED PRETZELS 6.5Z! cmp KIND PLUS CRANBRY ALMOND 1.4Z=1
RICKLAND COATED PRETZELS 6.5Z! cmp LUNA BAR NUTZ OVER CHOC 1.69Z=1
RICKLAND COATED PRETZELS 6.5Z! cmp ODWALLA BAR BANANA NUT 2Z=1
RICKLAND COATED PRETZELS 6.5Z! cmp ZONEPERFECT BAR FUDGE GRAHM=-1
RICKLAND COATED PRETZELS 6.5Z! cmp POWER BAR HARVEST STRAW 2.3Z !=1
RICKLAND COATED PRETZELS 6.5Z! cmp SKINNY GIRL BAN OAT CHOC 1.4Z!=-1
RICKLAND COATED PRETZELS 6.5Z! cmp POWER BAR OATMEAL RAISIN 2.3Z!=1
SAHALE SNACKS CASHEW/POMEG 4Z cmp SKINNY GIRL BAN OAT CHOC 1.4Z!=-1
SKINNY GIRL BAN OAT CHOC 1.4Z! cmp SAHALE SNACKS HONEY/ALMOND 4Z=1
SKINNY GIRL BAN OAT CHOC 1.4Z! cmp SAHALE SNACKS MAPLE PECANS 4Z=1
SKINNY GIRL BAN OAT CHOC 1.4Z! cmp SNYDERS PRETZ SAND CHEESE 2.2Z=-1
SNYDERS PRETZ SAND CHEESE 2.2Z cmp ZONEPERFECT BAR DK CHOC/ALMOND=-1
ZONEPERFECT BAR DK CHOC/ALMOND cmp SNYDERS PRETZ SAND PB 2.2Z=1
ZONEPERFECT BAR DK CHOC/ALMOND cmp SNYDERS PRETZ SSS HNY/MST 3.5Z=1
ZONEPERFECT BAR DK CHOC/ALMOND cmp SNYDERS PRETZ SSS MINIS 3.5Z=1
ZONEPERFECT BAR DK CHOC/ALMOND cmp SNYDERS PRETZ SSS NIBS 3.5Z=1
ZONEPERFECT BAR DK CHOC/ALMOND cmp SNYDERS PRETZ SSS OLDTYM 2.75Z=1
ZONEPERFECT BAR DK CHOC/ALMOND cmp TEDDY GRAHAMS HNY SNAK-SAK 8Z=1
ZONEPERFECT BAR DK CHOC/ALMOND cmp WONDERFUL PIST LITE SALT 8Z  !=1
AIRHEADS BITES BAG FRUIT 2oz cmp ALMOND JOY PIECES PEG 5Z=-1
BLISTEX BERRY BALM 24CT REFIL! cmp BLISTEX MINT BALM 24CT REFIL !=-1
BLISTEX MINT BALM 24CT REFIL ! cmp BLISTEX LIP BALM .15Z CARDED !=1
BREATHSAVERS 3 HR MENTH PEPPMT cmp CHUNKY KING SIZE 2.5 OZ      !=-1
BLISTEX REG BALM 24CT REFIL  ! cmp CARMEX TUBE LIP BALM CARDED  !=-1
CONTAC COLD & FLU NON DROW 8C! cmp BLISTEX REG BALM 24CT REFIL  !=1
CONTAC COLD & FLU NON DROW 8C! cmp CARMEX TUBE LIP BALM CARDED  !=1
AIRHEADS BITES BAG FRUIT 2oz cmp BREATHSAVERS 3 HR MENTH PEPPMT=-1
BREATHSAVERS 3 HR MENTH PEPPMT cmp ALMOND JOY PIECES PEG 5Z=1
BLISTEX BERRY BALM 24CT REFIL! cmp BLISTEX REG BALM 24CT REFIL  !=-1
BLISTEX LIP BALM .15Z CARDED ! cmp BLISTEX REG BALM 24CT REFIL  !=-1
BLISTEX REG BALM 24CT REFIL  ! cmp BLISTEX MINT BALM 24CT REFIL !=1
BLISTEX REG BALM 24CT REFIL  ! cmp BLISTEX MOISTURE .15Z CARDED !=1
SKINNY GIRL CHC PB SEASLT 1.4Z cmp COMBOS PIZZERIA PRETZEL      !=1
DENTYNE MINTS ICE PEPP 50 PC cmp ICEBREAKERS FROST PEPPERMINT=-1
ICEBREAKERS FROST PEPPERMINT cmp FRUIT VINES BITES STRAWBERY 5Z=1
GARDETTOS 43024 CHIPOLE CHED5. cmp GARDETTOS 43037 ORIGINAL 5.5Z=-1
GARDETTOS 43036 ROASTD GARLC4. cmp GARDETTOS 43037 ORIGINAL 5.5Z=-1
ICEBREAKERS TINS CINNAMON 1.5Z cmp KIT KAT KING SIZE=-1
ICEBREAKERS TINS CINNAMON 1.5Z cmp LIFESAVER 5 FLAVOR=-1
LIFESAVER 5 FLAVOR cmp KIT KAT KING SIZE=1
DENTYNE MINTS ICE PEPP 50 PC cmp ICEBREAKERS TINS CINNAMON 1.5Z=-1
ICEBREAKERS TINS CINNAMON 1.5Z cmp FRUIT VINES BITES STRAWBERY 5Z=1
ICEBREAKERS TINS CINNAMON 1.5Z cmp ICEBREAKERS FROST PEPPERMINT=1
ICEBREAKERS TINS CINNAMON 1.5Z cmp ICEBREAKERS FROST WINTERCOOL=1
HUGGIES DIAPER KIT 2CT W/WIPES cmp IMODIUM MULTI SYMPTOM CAP 12CT=-1
GARDETTOS 43024 CHIPOLE CHED5. cmp KIND VAN/BLBRY/FLAX CLSTRS 11Z=-1
GARDETTOS 43036 ROASTD GARLC4. cmp KIND VAN/BLBRY/FLAX CLSTRS 11Z=-1
KIND VAN/BLBRY/FLAX CLSTRS 11Z cmp GARDETTOS 43037 ORIGINAL 5.5Z=1
AIRHEADS BITES BAG FRUIT 2oz cmp DENTYNE MINTS ICE PEPP 50 PC=-1
DENTYNE MINTS ICE PEPP 50 PC cmp ALMOND JOY PIECES PEG 5Z=1
DENTYNE MINTS ICE PEPP 50 PC cmp BREATHSAVERS 3 HR MENTH PEPPMT=1
DENTYNE MINTS ICE PEPP 50 PC cmp CHUNKY KING SIZE 2.5 OZ      !=1
BLISTEX BERRY BALM 24CT REFIL! cmp HUGGIES DIAPER KIT 2CT W/WIPES=-1
BLISTEX LIP BALM .15Z CARDED ! cmp HUGGIES DIAPER KIT 2CT W/WIPES=-1
HUGGIES DIAPER KIT 2CT W/WIPES cmp BLISTEX MINT BALM 24CT REFIL !=1
HUGGIES DIAPER KIT 2CT W/WIPES cmp BLISTEX MOISTURE .15Z CARDED !=1
HUGGIES DIAPER KIT 2CT W/WIPES cmp BLISTEX REG BALM 24CT REFIL  !=1
HUGGIES DIAPER KIT 2CT W/WIPES cmp CARMEX TUBE LIP BALM CARDED  !=1
HUGGIES DIAPER KIT 2CT W/WIPES cmp CONTAC COLD & FLU NON DROW 8C!=1
COMBOS PIZZERIA PRETZEL      ! cmp GARDETTOS 43024 CHIPOLE CHED5.=-1
SKINNY GIRL CHC PB SEASLT 1.4Z cmp GARDETTOS 43024 CHIPOLE CHED5.=1
SKINNY GIRL CHC PB SEASLT 1.4Z cmp GARDETTOS 43036 ROASTD GARLC4.=1
SKINNY GIRL CHC PB SEASLT 1.4Z cmp GARDETTOS 43037 ORIGINAL 5.5Z=1
SKINNY GIRL CHC PB SEASLT 1.4Z cmp KIND VAN/BLBRY/FLAX CLSTRS 11Z=1
LIFESAVER WILD CHERRY cmp LIFESAVERS BUTTERUM=-1
LIFESAVERS BUTTERUM cmp LIFESAVER WINTERGREEN=1
LISTERINE COOL MINT 95ml     ! cmp LISTERINE POCKETMIST COOLMINT!=-1
LISTERINE ORIGINAL 95ML      ! cmp LISTERINE POCKETMIST COOLMINT!=-1
LIFESAVER WILD CHERRY cmp M&Ms PEANUT BUTTER KING 2.83Z!=-1
M&Ms PEANUT BUTTER KING 2.83Z! cmp LIFESAVER WINTERGREEN=1
M&Ms PEANUT BUTTER KING 2.83Z! cmp LIFESAVERS BUTTERUM=1
LIL'NEC SEWING KIT           ! cmp LISTERINE COOL MINT 95ml     !=-1
NUTELLA & GO! 1.8Z cmp PC INDIANA FIT SEA SALT 2.1Z !=-1
PC INDIANA FIT SEA SALT 2.1Z ! cmp NUTRI-GRAIN BLUEBERRY 1.3Z=1
LIFESAVER WILD CHERRY cmp MILKY WAY KING SIZE          !=-1
LIFESAVER WINTERGREEN cmp MILKY WAY KING SIZE          !=-1
MILKY WAY KING SIZE          ! cmp LIFESAVERS BUTTERUM=1
MILKY WAY KING SIZE          ! cmp M&Ms PEANUT BUTTER KING 2.83Z!=1
LIL'NEC SEWING KIT           ! cmp PLAYTEX DEODORANT REGULAR 8'S!=-1
PLAYTEX DEODORANT REGULAR 8'S! cmp LISTERINE COOL MINT 95ml     !=1
PLAYTEX DEODORANT REGULAR 8'S! cmp LISTERINE ORIGINAL 95ML      !=1
PLAYTEX DEODORANT REGULAR 8'S! cmp LISTERINE POCKETMIST COOLMINT!=1
PURELL ALOE FORMULA      2OZ ! cmp Q-TIPS TRAVEL PACK 30CT=-1
PURELL ORIGINAL FORMULA 2 OZ ! cmp Q-TIPS TRAVEL PACK 30CT=-1
ROBITUSSIN DM LIQUID CAPS 20CT cmp SUDAFED PE PRESS/PAIN 24CT   !=-1
ROLIADS REG TABLETS MINT 12ct cmp SUDAFED PE PRESS/PAIN 24CT   !=-1
REESE PB CUP MINIS KING cmp SOUR PATCH KIDS BERRIES PEG 7Z=-1
PURELL ALOE FORMULA      2OZ ! cmp ROBITUSSIN DM LIQUID CAPS 20CT=-1
ROBITUSSIN DM LIQUID CAPS 20CT cmp PURELL ORIGINAL FORMULA 2 OZ !=1
ROBITUSSIN DM LIQUID CAPS 20CT cmp Q-TIPS TRAVEL PACK 30CT=1
SUNDIA FRUIT CUP PINEAPPLE 7z! cmp SUNDIA FRUTI CUP PEACHES 7z !=-1
SUNDIA FRUIT CUP TROPICAL 7z! cmp SUNDIA FRUTI CUP PEACHES 7z !=-1
REESE PB CUP MINIS KING cmp SWEDISH FISH ASST PEG 8Z=-1
SWEDISH FISH ASST PEG 8Z cmp SOUR PATCH KIDS BERRIES PEG 7Z=1
PURELL ALOE FORMULA      2OZ ! cmp TEK MEDIUM TOOTHBRUSH=-1
TEK MEDIUM TOOTHBRUSH cmp PURELL ORIGINAL FORMULA 2 OZ !=1
TEK MEDIUM TOOTHBRUSH cmp Q-TIPS TRAVEL PACK 30CT=1
TEK MEDIUM TOOTHBRUSH cmp ROBITUSSIN DM LIQUID CAPS 20CT=1
TEK MEDIUM TOOTHBRUSH cmp ROLIADS REG TABLETS MINT 12ct=1
TEK MEDIUM TOOTHBRUSH cmp SUDAFED PE PRESS/PAIN 24CT   !=1
REESE PB CUP MINIS KING cmp LIFESAVER WILD CHERRY=1
REESE PB CUP MINIS KING cmp LIFESAVER WINTERGREEN=1
REESE PB CUP MINIS KING cmp LIFESAVERS BUTTERUM=1
REESE PB CUP MINIS KING cmp M&Ms PEANUT BUTTER KING 2.83Z!=1
REESE PB CUP MINIS KING cmp MILKY WAY KING SIZE          !=1
LIL'NEC SEWING KIT           ! cmp PURELL ALOE FORMULA      2OZ !=-1
LISTERINE COOL MINT 95ml     ! cmp PURELL ALOE FORMULA      2OZ !=-1
PURELL ALOE FORMULA      2OZ ! cmp LISTERINE ORIGINAL 95ML      !=1
PURELL ALOE FORMULA      2OZ ! cmp LISTERINE POCKETMIST COOLMINT!=1
PURELL ALOE FORMULA      2OZ ! cmp PLAYTEX DEODORANT REGULAR 8'S!=1
AIRHEADS BITES BAG FRUIT 2oz cmp LIFESAVER WILD CHERRY=-1
ALMOND JOY PIECES PEG 5Z cmp LIFESAVER WILD CHERRY=-1
LIFESAVER WILD CHERRY cmp BREATHSAVERS 3 HR MENTH PEPPMT=1
LIFESAVER WILD CHERRY cmp CHUNKY KING SIZE 2.5 OZ      !=1
LIFESAVER WILD CHERRY cmp DENTYNE MINTS ICE PEPP 50 PC=1
LIFESAVER WILD CHERRY cmp FRUIT VINES BITES STRAWBERY 5Z=1
LIFESAVER WILD CHERRY cmp ICEBREAKERS FROST PEPPERMINT=1
LIFESAVER WILD CHERRY cmp ICEBREAKERS FROST WINTERCOOL=1
LIFESAVER WILD CHERRY cmp KIT KAT KING SIZE=1
LIFESAVER WILD CHERRY cmp LIFESAVER 5 FLAVOR=1
BLISTEX BERRY BALM 24CT REFIL! cmp LISTERINE COOL MINT 95ml     !=-1
BLISTEX BERRY BALM 24CT REFIL! cmp LIL'NEC SEWING KIT           !=-1
BLISTEX LIP BALM .15Z CARDED ! cmp LIL'NEC SEWING KIT           !=-1
LIL'NEC SEWING KIT           ! cmp BLISTEX MINT BALM 24CT REFIL !=1
LIL'NEC SEWING KIT           ! cmp BLISTEX MOISTURE .15Z CARDED !=1
LIL'NEC SEWING KIT           ! cmp BLISTEX REG BALM 24CT REFIL  !=1
LIL'NEC SEWING KIT           ! cmp CARMEX TUBE LIP BALM CARDED  !=1
LIL'NEC SEWING KIT           ! cmp CONTAC COLD & FLU NON DROW 8C!=1
LIL'NEC SEWING KIT           ! cmp HUGGIES DIAPER KIT 2CT W/WIPES=1
LIL'NEC SEWING KIT           ! cmp IMODIUM MULTI SYMPTOM CAP 12CT=1
KRAFT STRING CHEESE MOZZ 1Z  ! cmp SUNDIA FRUIT CUP PINEAPPLE 7z!=-1
COMBOS PIZZERIA PRETZEL      ! cmp NUTELLA & GO! 1.8Z=-1
GARDETTOS 43024 CHIPOLE CHED5. cmp NUTELLA & GO! 1.8Z=-1
NUTELLA & GO! 1.8Z cmp GARDETTOS 43036 ROASTD GARLC4.=1
NUTELLA & GO! 1.8Z cmp GARDETTOS 43037 ORIGINAL 5.5Z=1
NUTELLA & GO! 1.8Z cmp KIND VAN/BLBRY/FLAX CLSTRS 11Z=1
NUTELLA & GO! 1.8Z cmp SKINNY GIRL CHC PB SEASLT 1.4Z=-1
SKINNY GIRL CHC PB SEASLT 1.4Z cmp NUTRI-GRAIN BLUEBERRY 1.3Z=1
SKINNY GIRL CHC PB SEASLT 1.4Z cmp PC INDIANA FIT SEA SALT 2.1Z !=1
BALANCE BAR CHOCOLATE cmp SKINNY GIRL CHC PB SEASLT 1.4Z=-1
BALANCE BAR CHOCOLATE cmp GARDETTOS 43037 ORIGINAL 5.5Z=-1
BALANCE BAR CHOCOLATE cmp GARDETTOS 43024 CHIPOLE CHED5.=-1
BALANCE BAR CHOCOLATE cmp COMBOS PIZZERIA PRETZEL      !=-1
BALANCE BAR GOLD CARAMEL NUT cmp COMBOS PIZZERIA PRETZEL      !=-1
COMBOS PIZZERIA PRETZEL      ! cmp BUGLES 14751 CARAMEL 3.5Z=1
COMBOS PIZZERIA PRETZEL      ! cmp BUGLES 28086 ORIGINAL 3Z=1
COMBOS PIZZERIA PRETZEL      ! cmp BUGLES 28087 NACHO 3Z=1
COMBOS PIZZERIA PRETZEL      ! cmp CHEX MIX 16795 CHOCOLATEPB4.5Z=1
COMBOS PIZZERIA PRETZEL      ! cmp CHEX MIX 35183 BOLD PARTY3.75Z=1
COMBOS PIZZERIA PRETZEL      ! cmp CHEX MIX 35184 HOT'N SPI 3.75Z=1
COMBOS PIZZERIA PRETZEL      ! cmp CHIPS AHOY MINI SNAK-SAK 8Z=1
COMBOS PIZZERIA PRETZEL      ! cmp CLIF BAR WH CHOC MACADAMIA 2.4=1
COMBOS PIZZERIA PRETZEL      ! cmp KIND ALMOND & APRICOT 1.4Z=-1
COMBOS PIZZERIA PRETZEL      ! cmp FLIPZ 054 WHITE FUDGE PRETZ 5Z=-1
COMBOS PIZZERIA PRETZEL      ! cmp COMBOS LG CHED CH PRETZ 6.3z !=1
COMBOS PIZZERIA PRETZEL      ! cmp COMBOS LG PEPP PIZZA CRK 6.3z!=1
FLIPZ 054 WHITE FUDGE PRETZ 5Z cmp GARDETTOS 43024 CHIPOLE CHED5.=-1
GARDETTOS 43024 CHIPOLE CHED5. cmp KEEBLER CHEESE/CHEDDAR 8CT=-1
KEEBLER CHEESE/CHEDDAR 8CT cmp GARDETTOS 43036 ROASTD GARLC4.=1
KEEBLER CHEESE/CHEDDAR 8CT cmp GARDETTOS 43037 ORIGINAL 5.5Z=1
KEEBLER CHEESE/CHEDDAR 8CT cmp KIND VAN/BLBRY/FLAX CLSTRS 11Z=-1
KEEBLER CHEESE/PB CRKR 8CT cmp KIND VAN/BLBRY/FLAX CLSTRS 11Z=-1
KIND VAN/BLBRY/FLAX CLSTRS 11Z cmp KEEBLER TOAST/PB CRACKER 8CT=1
KIND VAN/BLBRY/FLAX CLSTRS 11Z cmp KIND ALMOND & APRICOT 1.4Z=1
KIND VAN/BLBRY/FLAX CLSTRS 11Z cmp KIND ALMOND & COCONUT 1.4Z=1
KIND VAN/BLBRY/FLAX CLSTRS 11Z cmp KIND DK CHOC & SEA SALT 1.4Z=1
KIND VAN/BLBRY/FLAX CLSTRS 11Z cmp KIND DK CHOC CHERRY CASHEW 1.4=1
KIND VAN/BLBRY/FLAX CLSTRS 11Z cmp KIND PB & STRAWBERRY 1.4Z=1
KIND VAN/BLBRY/FLAX CLSTRS 11Z cmp KIND PLUS ALMOND CASHEW 1.4Z=1
KIND VAN/BLBRY/FLAX CLSTRS 11Z cmp LUNA BAR SMORES 1.69 OZ=-1
KIND VAN/BLBRY/FLAX CLSTRS 11Z cmp LUNA BAR LEMON ZEST 1.69Z=-1
KIND VAN/BLBRY/FLAX CLSTRS 11Z cmp KIND PLUS CRANBRY ALMOND 1.4Z=1
LUNA BAR LEMON ZEST 1.69Z cmp NUTELLA & GO! 1.8Z=-1
NUTELLA & GO! 1.8Z cmp LUNA BAR NUTZ OVER CHOC 1.69Z=1
NUTELLA & GO! 1.8Z cmp LUNA BAR SMORES 1.69 OZ=1
NUTELLA & GO! 1.8Z cmp NAT VAL OATS & HON 1.5Z     !=1
NUTELLA & GO! 1.8Z cmp NAT VAL PNUT BUTT 1.5Z      !=1
NUTELLA & GO! 1.8Z cmp ODWALLA BAR BANANA NUT 2Z=-1
ODWALLA BAR BANANA NUT 2Z cmp NUTRI-GRAIN BLUEBERRY 1.3Z=1
ODWALLA BAR BANANA NUT 2Z cmp PC INDIANA FIT SEA SALT 2.1Z !=-1
ODWALLA BAR BERRIES GO MEGA 2Z cmp PC INDIANA FIT SEA SALT 2.1Z !=-1
PC INDIANA FIT SEA SALT 2.1Z ! cmp ODWALLA BAR CHOC CHIP PNUT 2Z=1
PC INDIANA FIT SEA SALT 2.1Z ! cmp POWER BAR CHOC PNUT BUTTR 2.3!=-1
POWER BAR CHOC PNUT BUTTR 2.3! cmp SKINNY GIRL CHC PB SEASLT 1.4Z=-1
SKINNY GIRL CHC PB SEASLT 1.4Z cmp POWER BAR HARVEST STRAW 2.3Z !=1
SKINNY GIRL CHC PB SEASLT 1.4Z cmp POWER BAR OATMEAL RAISIN 2.3Z!=1
SKINNY GIRL CHC PB SEASLT 1.4Z cmp RICKLAND COATED PRETZELS 6.5Z!=1
SKINNY GIRL CHC PB SEASLT 1.4Z cmp SAHALE SNACKS CASHEW/POMEG 4Z=1
SKINNY GIRL CHC PB SEASLT 1.4Z cmp SAHALE SNACKS HONEY/ALMOND 4Z=1
SKINNY GIRL CHC PB SEASLT 1.4Z cmp SAHALE SNACKS MAPLE PECANS 4Z=1
SKINNY GIRL CHC PB SEASLT 1.4Z cmp SNYDERS PRETZ SAND CHEESE 2.2Z=-1
SKINNY GIRL CHC PB SEASLT 1.4Z cmp SKINNY GIRL BAN OAT CHOC 1.4Z!=1
ODWALLA STRAW BANANA 15.2Z   ! cmp NESQUICK RTD ASP CHOCO 14fl oz=1
AIRHEADS BITES BAG FRUIT 2oz cmp 100 GRAND KING SIZE 2.8Z     !=1
AIRHEADS BITES BAG FRUIT 2oz cmp ALMOND JOY KING SIZE=-1
ALMOND JOY KING SIZE cmp ALMOND JOY PIECES PEG 5Z=-1
ALMOND JOY PIECES PEG 5Z cmp ALTOIDS SMALLS CINNAMON=-1
ALTOIDS SMALLS CINNAMON cmp BREATHSAVERS 3 HR MENTH PEPPMT=-1
BREATHSAVERS 3 HR MENTH PEPPMT cmp ALTOIDS TIN ARCTIC PEPP 1.2oz=1
BREATHSAVERS 3 HR MENTH PEPPMT cmp ALTOIDS TIN ARCTIC WINTGRN 1.2=1
BREATHSAVERS 3 HR MENTH PEPPMT cmp ALTOIDS TIN CINNAMON=1
BREATHSAVERS 3 HR MENTH PEPPMT cmp ALTOIDS TIN PEPPERMINT=1
BREATHSAVERS 3 HR MENTH PEPPMT cmp ALTOIDS TIN SPEARMINT=1
BREATHSAVERS 3 HR MENTH PEPPMT cmp ALTOIDS TIN WINTERGREEN=1
BREATHSAVERS 3 HR MENTH PEPPMT cmp BUTTERFINGER KING SIZE 3.7Z  !=-1
BREATHSAVERS 3 HR MENTH PEPPMT cmp BABY RUTH KING SIZE 3.7Z     !=1
BUTTERFINGER KING SIZE 3.7Z  ! cmp CHUNKY KING SIZE 2.5 OZ      !=-1
CHUNKY KING SIZE 2.5 OZ      ! cmp DENTYNE FIRE CINNAMON 16PC=-1
DENTYNE FIRE CINNAMON 16PC cmp DENTYNE MINTS ICE PEPP 50 PC=-1
DENTYNE MINTS ICE PEPP 50 PC cmp DENTYNE ICE ARTIC CHILL 16PC=1
DENTYNE MINTS ICE PEPP 50 PC cmp DENTYNE ICE SPEARMINT 16PC=1
DENTYNE MINTS ICE PEPP 50 PC cmp DENTYNE ICE WINTER CHILL 16PC=1
DENTYNE MINTS ICE PEPP 50 PC cmp ECLIPSE GUM POLAR ICE 18PC=-1
ECLIPSE GUM POLAR ICE 18PC cmp FRUIT VINES BITES STRAWBERY 5Z=-1
FRUIT VINES BITES STRAWBERY 5Z cmp ECLIPSE GUM WINTERFROST 18PC=1
FRUIT VINES BITES STRAWBERY 5Z cmp EXTRA POLAR ICE SLIM PACK=1
FRUIT VINES BITES STRAWBERY 5Z cmp EXTRA SPEARMINT SLIM PACK=1
FRUIT VINES BITES STRAWBERY 5Z cmp HERSHEY KING SIZE ALMOND=-1
HERSHEY KING SIZE ALMOND cmp ICEBREAKERS FROST PEPPERMINT=-1
ICEBREAKERS FROST PEPPERMINT cmp HERSHEY KING SIZE MILK=1
ICEBREAKERS FROST PEPPERMINT cmp LIFESAVER 88501 5-FLAVOR PEG=-1
LIFESAVER 88501 5-FLAVOR PEG cmp ICEBREAKERS FROST WINTERCOOL=1
LIFESAVER 88501 5-FLAVOR PEG cmp ICEBREAKERS TINS CINNAMON 1.5Z=1
LIFESAVER 88501 5-FLAVOR PEG cmp KIT KAT KING SIZE=1
LIFESAVER 88501 5-FLAVOR PEG cmp LIFESAVER 5 FLAVOR=1
LIFESAVER 88501 5-FLAVOR PEG cmp LIFESAVER WILD CHERRY=-1
LISTERINE POCKT PAK COOLMNT24! cmp LIFESAVER WILD CHERRY=1
LISTERINE POCKT PAK COOLMNT24! cmp LIFESAVER WINTERGREEN=1
LISTERINE POCKT PAK COOLMNT24! cmp LIFESAVERS BUTTERUM=1
LISTERINE POCKT PAK COOLMNT24! cmp M&Ms PEANUT BUTTER KING 2.83Z!=-1
LISTERINE POCKT PAK FRESH 24S! cmp M&Ms PEANUT BUTTER KING 2.83Z!=-1
M&Ms PEANUT BUTTER KING 2.83Z! cmp M&Ms ALMOND KING 2.83Z       !=1
M&Ms PEANUT BUTTER KING 2.83Z! cmp M&Ms MILK CHOC KING 3.14Z    !=1
M&Ms PEANUT BUTTER KING 2.83Z! cmp M&Ms MILK CHOC PEG 5.3Z      !=1
M&Ms PEANUT BUTTER KING 2.83Z! cmp M&Ms PEANUT KING 3.27Z       !=-1
M&Ms PEANUT KING 3.27Z       ! cmp MILKY WAY KING SIZE          !=-1
MILKY WAY KING SIZE          ! cmp M&Ms PEANUT PEG 5.3Z         !=1
MILKY WAY KING SIZE          ! cmp M&Ms PRETZEL CHOC KING 2.83Z !=1
MILKY WAY KING SIZE          ! cmp MENTOS GUM PURE FRESH SPEARMNT=1
MILKY WAY KING SIZE          ! cmp MENTOS ROLL RAINBOW=1
MILKY WAY KING SIZE          ! cmp MENTOS ROLL SPEARMINT=1
MILKY WAY KING SIZE          ! cmp MENTOS ROLL STRAWBERRY=1
MILKY WAY KING SIZE          ! cmp ORBIT GUM BUBBLEMINT 14 PCS=-1
MILKY WAY KING SIZE          ! cmp MOUNDS KING SIZE=-1
MOUNDS KING SIZE cmp REESE PB CUP MINIS KING=-1
REESE PB CUP MINIS KING cmp ORBIT GUM BUBBLEMINT 14 PCS=1
REESE PB CUP MINIS KING cmp ORBIT GUM CINNAMINT 14 PCS=1
REESE PB CUP MINIS KING cmp ORBIT GUM PEPPERMINT 14 PCS=1
REESE PB CUP MINIS KING cmp ORBIT GUM STRAWBERRY REMIX 14P=1
REESE PB CUP MINIS KING cmp ORBIT GUM SWEETMINT 14 PCS=1
REESE PB CUP MINIS KING cmp ORBIT GUM TROPICAL REMIX 14PC=1
REESE PB CUP MINIS KING cmp ORBIT WHITE BUBBLEMINT 18PC=1
REESE PB CUP MINIS KING cmp RAISINETS KING 2.8 OZ        !=1
REESE PB CUP MINIS KING cmp STARBURST GUMMI DUOS PEG 6Z=-1
REESE PB CUP MINIS KING cmp SNICKERS PEANUT BTR KING 3.56!=-1
REESE PB CUP MINIS KING cmp SKITTLES KING SIZE           !=-1
REESE PB CUP MINIS KING cmp REESE STICK KING SIZE=-1
REESE STICK KING SIZE cmp SOUR PATCH KIDS BERRIES PEG 7Z=-1
SOUR PATCH KIDS BERRIES PEG 7Z cmp SKITTLES KING SIZE           !=1
SOUR PATCH KIDS BERRIES PEG 7Z cmp SNICKERS ALMOND KING SIZE 3.2!=1
SOUR PATCH KIDS BERRIES PEG 7Z cmp SNICKERS PEANUT BTR KING 3.56!=1
SOUR PATCH KIDS BERRIES PEG 7Z cmp SOUR PATCH EXTREME PEG 7.2Z=1
SOUR PATCH KIDS BERRIES PEG 7Z cmp SOUR PATCH KIDS 6225 PEG 5Z=1
SOUR PATCH KIDS BERRIES PEG 7Z cmp STARBURST 14114 CHEW PEG 7.2!=-1
STARBURST 14114 CHEW PEG 7.2! cmp SWEDISH FISH ASST PEG 8Z=-1
SWEDISH FISH ASST PEG 8Z cmp STARBURST GUMMI DUOS PEG 6Z=1
SWEDISH FISH ASST PEG 8Z cmp STRIDE GUM SOURPATCH LIME 14PC=1
SWEDISH FISH ASST PEG 8Z cmp STRIDE GUM SWEET MINT 14 PC=1
SWEDISH FISH ASST PEG 8Z cmp SWEDISH FISH *RED* 2Z SINGLE=1
SWEDISH FISH ASST PEG 8Z cmp TIC TAC BIG FRUIT ADVENTURE 1Z=-1
BLISTEX BERRY BALM 24CT REFIL! cmp 5-HOUR ENERGY EX STR BERRY 2Z=1
BLISTEX BERRY BALM 24CT REFIL! cmp HALLS PLUS HONEY LEMON STICK 9=-1
BLISTEX BERRY BALM 24CT REFIL! cmp AQUAFRESH EXFRSH+WHITENING 3z!=1
BLISTEX BERRY BALM 24CT REFIL! cmp COLGATE WISP PEPPERMINT 4PK  !=-1
BLISTEX BERRY BALM 24CT REFIL! cmp BAUSCH & LOMB MULTIPLUS 4Z   !=1
BLISTEX BERRY BALM 24CT REFIL! cmp COLGATE TOOTHPASTE 2.8Z      !=-1
BLISTEX BERRY BALM 24CT REFIL! cmp BENADRYL ALLGRY ULTRATAB 24CT=1
COLGATE TOOTHPASTE 2.8Z      ! cmp BLISTEX LIP BALM .15Z CARDED !=1
COLGATE TOOTHPASTE 2.8Z      ! cmp BLISTEX MINT BALM 24CT REFIL !=1
COLGATE TOOTHPASTE 2.8Z      ! cmp BLISTEX MOISTURE .15Z CARDED !=1
COLGATE TOOTHPASTE 2.8Z      ! cmp BLISTEX REG BALM 24CT REFIL  !=1
COLGATE TOOTHPASTE 2.8Z      ! cmp CARMEX TUBE LIP BALM CARDED  !=1
COLGATE TOOTHPASTE 2.8Z      ! cmp CONTAC COLD & FLU NON DROW 8C!=-1
COLGATE WISP CM WHITENING 4PK! cmp CONTAC COLD & FLU NON DROW 8C!=-1
CONTAC COLD & FLU NON DROW 8C! cmp COLGATE WISP PEPPERMINT 4PK  !=1
CONTAC COLD & FLU NON DROW 8C! cmp COPPERTONE SPORT SPF 30 3oz!=-1
COPPERTONE SPORT SPF 30 3oz! cmp HUGGIES DIAPER KIT 2CT W/WIPES=-1
HUGGIES DIAPER KIT 2CT W/WIPES cmp DRAMAMINE CHEWABLE ORANGE 8CT=1
HUGGIES DIAPER KIT 2CT W/WIPES cmp DRAMAMINE LESS DROWSY CARD 8CT=1
HUGGIES DIAPER KIT 2CT W/WIPES cmp DRAMAMINE TABLET VIAL 12 CT  !=1
HUGGIES DIAPER KIT 2CT W/WIPES cmp EAR PLUG CHILDRENS EAR PLANES!=1
HUGGIES DIAPER KIT 2CT W/WIPES cmp EAR PLUG EARPLANES           !=1
HUGGIES DIAPER KIT 2CT W/WIPES cmp HALLS PLUS CHERRY STICK 9CT=1
HUGGIES DIAPER KIT 2CT W/WIPES cmp HALLS STICK CHERRY 9 PCS=1
HUGGIES DIAPER KIT 2CT W/WIPES cmp HALLS STICK STRAWBERRY 9 PCS=1
HUGGIES DIAPER KIT 2CT W/WIPES cmp LIFESTYLES KYNG GOLD 3'S     !=-1
HUGGIES DIAPER KIT 2CT W/WIPES cmp JOHNSON'S BABY LOTION 3Z     !=-1
HUGGIES DIAPER KIT 2CT W/WIPES cmp J & J BABY TAKE-A-LONG KIT 6P!=-1
HUGGIES DIAPER KIT 2CT W/WIPES cmp J & J BABY POWDER 4 OZ       !=-1
J & J BABY POWDER 4 OZ       ! cmp IMODIUM MULTI SYMPTOM CAP 12CT=1
J & J BABY POWDER 4 OZ       ! cmp LIL'NEC SEWING KIT           !=-1
J & J BABY TAKE-A-LONG KIT 6P! cmp LIL'NEC SEWING KIT           !=-1
LIL'NEC SEWING KIT           ! cmp J & J BAND AID TRAVEL CLR 8'S!=1
LIL'NEC SEWING KIT           ! cmp JOHNSON'S BABY LOTION 3Z     !=1
LIL'NEC SEWING KIT           ! cmp JOHNSON'S BABY SHAMPOO 3Z    !=1
LIL'NEC SEWING KIT           ! cmp KLEENEX POCKET PACK 10CT/3PLY!=1
LIL'NEC SEWING KIT           ! cmp LADY SPEED STICK A/P 2.3Z SHW!=1
LIL'NEC SEWING KIT           ! cmp LIFESTYLES KYNG GOLD 3'S     !=1
LIL'NEC SEWING KIT           ! cmp LIL DRUG 3 DOSE ADVIL 6CT    !=1
LIL'NEC SEWING KIT           ! cmp LIL DRUG 3DOSE TYLE ES CAP 6CT=1
LIL'NEC SEWING KIT           ! cmp MIDOL COMPLETE CAPLETS 16ct=-1
LIL'NEC SEWING KIT           ! cmp LIL ESSEN PERT PLUS SHAMP 2Z !=1
LIL'NEC SEWING KIT           ! cmp LIL ESSEN TOOTHBRSH&PASTE .85!=1
LIL'NEC SEWING KIT           ! cmp LINT ROLLER - MINI - 30'S    !=-1
LINT ROLLER - MINI - 30'S    ! cmp LISTERINE COOL MINT 95ml     !=-1
LISTERINE COOL MINT 95ml     ! cmp MIDOL COMPLETE CAPLETS 16ct=-1
MIDOL COMPLETE CAPLETS 16ct cmp LISTERINE ORIGINAL 95ML      !=1
MIDOL COMPLETE CAPLETS 16ct cmp LISTERINE POCKETMIST COOLMINT!=1
MIDOL COMPLETE CAPLETS 16ct cmp PLAYTEX DEODORANT REGULAR 8'S!=-1
MOTRIN IB PM CAPLETS 20ct    ! cmp PLAYTEX DEODORANT REGULAR 8'S!=-1
PLAYTEX DEODORANT REGULAR 8'S! cmp NEOSPORIN OINTMENT .5Z       !=1
PLAYTEX DEODORANT REGULAR 8'S! cmp OLD SPICE DEOD PURE SPRT 2.2Z!=1
PLAYTEX DEODORANT REGULAR 8'S! cmp PEPTO BISMOL 4 OZ BOTTLE     !=1
PLAYTEX DEODORANT REGULAR 8'S! cmp PEPTO BISMOL TABS 30'S REG   !=1
PLAYTEX DEODORANT REGULAR 8'S! cmp ROLAIDS EXTRA TABLETS FRUIT=-1
ROLAIDS EXTRA TABLETS FRUIT cmp PURELL ALOE FORMULA      2OZ !=1
ROLAIDS EXTRA TABLETS FRUIT cmp PURELL ORIGINAL FORMULA 2 OZ !=1
ROLAIDS EXTRA TABLETS FRUIT cmp Q-TIPS TRAVEL PACK 30CT=1
ROLAIDS EXTRA TABLETS FRUIT cmp ROBITUSSIN DM LIQUID CAPS 20CT=1
ROLAIDS EXTRA TABLETS FRUIT cmp ROLIADS REG TABLETS MINT 12ct=-1
ROLAIDS EXTRA TABLETS MINT 10c cmp ROLIADS REG TABLETS MINT 12ct=-1
ROLIADS REG TABLETS MINT 12ct cmp ROLAIDS ULTRA TABLETS FRUIT 10=1
ROLIADS REG TABLETS MINT 12ct cmp SCUNCI BLACK ELASTICS 12CT   !=-1
SCUNCI BLACK ELASTICS 12CT   ! cmp SUDAFED PE PRESS/PAIN 24CT   !=-1
SUDAFED PE PRESS/PAIN 24CT   ! cmp SCUNCI EMERY BOARDS 10CT     !=1
SUDAFED PE PRESS/PAIN 24CT   ! cmp SCUNCI NAIL CLIPPER W/FILE   !=1
SUDAFED PE PRESS/PAIN 24CT   ! cmp SCUNCI VENT BRUSH            !=1
SUDAFED PE PRESS/PAIN 24CT   ! cmp SP HALLS BAGS DEFENSE WAT 30CT=1
SUDAFED PE PRESS/PAIN 24CT   ! cmp SP HALLS BAGS HONEY LEMON 30CT=1
SUDAFED PE PRESS/PAIN 24CT   ! cmp SP HALLS BAGS MENT LYPTUS 30CT=1
SUDAFED PE PRESS/PAIN 24CT   ! cmp STAYFREE MAXI W.WINGS 18CT   !=1
SUDAFED PE PRESS/PAIN 24CT   ! cmp TYLENOL CLD/FLU SEVERE 24CT=-1
SUDAFED PE PRESS/PAIN 24CT   ! cmp TAMPAX 10s SUPER             !=-1
SUDAFED PE PRESS/PAIN 24CT   ! cmp TAMPAX 10'S REGULAR          !=-1
TAMPAX 10'S REGULAR          ! cmp TEK MEDIUM TOOTHBRUSH=-1
TEK MEDIUM TOOTHBRUSH cmp TAMPAX 10s SUPER             !=1
TEK MEDIUM TOOTHBRUSH cmp TUMS SMOOTHIES ASST FRT BOTTLE=-1
BIC WHITE OUT SHAKE N SQ 1PK ! cmp MEAD MEMO PAD WIRE 3X5 60CT  !=-1
BIC WHITE OUT SHAKE N SQ 1PK ! cmp BIC BRITE LINER YELLOW 2PK   !=1
KRAFT STRING CHEESE MOZZ 1Z  ! cmp LUNCHABLE PEPP PIZZA 10.8Z   !=-1
LUNCHABLE PEPP PIZZA 10.8Z   ! cmp SUNDIA FRUIT CUP PINEAPPLE 7z!=-1
SUNDIA FRUIT CUP PINEAPPLE 7z! cmp LUNCHABLES HAM+SWISS/CRK 4.5Z!=1
SUNDIA FRUIT CUP PINEAPPLE 7z! cmp LUNCHABLES TURKEY & AM CH 8.9z=1
CHEETOS XVL CRUNCHY 3.25Z cmp BALANCE BAR CHOCOLATE=1
CHEETOS XVL CRUNCHY 3.25Z cmp BALANCE BAR GOLD CARAMEL NUT=1
CHEETOS XVL CRUNCHY 3.25Z cmp BUGLES 14751 CARAMEL 3.5Z=1
CHEETOS XVL CRUNCHY 3.25Z cmp BUGLES 28086 ORIGINAL 3Z=1
CHEETOS XVL CRUNCHY 3.25Z cmp BUGLES 28087 NACHO 3Z=1
CHEETOS XVL CRUNCHY 3.25Z cmp CHEX MIX 35183 BOLD PARTY3.75Z=-1
CHEETOS XVL CRUNCHY 3.25Z cmp CHEX MIX 16795 CHOCOLATEPB4.5Z=-1
CHEEZ-IT CHEDDAR JACK 7Z BAG cmp CHEX MIX 16795 CHOCOLATEPB4.5Z=-1
CHEX MIX 16795 CHOCOLATEPB4.5Z cmp CHEEZ-IT ORIGINAL 7Z BAG=1
CHEX MIX 16795 CHOCOLATEPB4.5Z cmp CHEEZ-IT SNKMX DBL CHEESE 3.5Z=1
CHEX MIX 16795 CHOCOLATEPB4.5Z cmp CHEEZ-IT SNKMX ORIGINAL 4.5Z=1
CHEX MIX 16795 CHOCOLATEPB4.5Z cmp CHEX MIX 35181 TRAD *3.75Z*=-1
CHEX MIX 35181 TRAD *3.75Z* cmp CHEX MIX 35183 BOLD PARTY3.75Z=-1
CHEX MIX 35183 BOLD PARTY3.75Z cmp CHEX MIX 35182 CHEDDAR 3.75Z=1
CHEX MIX 35183 BOLD PARTY3.75Z cmp DORITOS XVL COOL RANCH 2.875Z!=-1
DORITOS XVL COOL RANCH 2.875Z! cmp CHEX MIX 35184 HOT'N SPI 3.75Z=1
DORITOS XVL COOL RANCH 2.875Z! cmp CHEX MIX 35185 CRMEL CRNCH3.75=1
DORITOS XVL COOL RANCH 2.875Z! cmp CHIPS AHOY MINI SNAK-SAK 8Z=1
DORITOS XVL COOL RANCH 2.875Z! cmp CLIF BAR CH.CHP PNUT 2.4 OZ=1
DORITOS XVL COOL RANCH 2.875Z! cmp CLIF BAR CRUNCH PNUT BUTR 2.4Z=1
DORITOS XVL COOL RANCH 2.875Z! cmp CLIF BAR OATMEAL RAISIN WNT2.4=1
DORITOS XVL COOL RANCH 2.875Z! cmp CLIF BAR WH CHOC MACADAMIA 2.4=1
DORITOS XVL COOL RANCH 2.875Z! cmp COMBOS LG CHED CH PRETZ 6.3z !=1
DORITOS XVL COOL RANCH 2.875Z! cmp GARDETTOS 43024 CHIPOLE CHED5.=-1
DORITOS XVL COOL RANCH 2.875Z! cmp COMBOS PIZZERIA PRETZEL      !=1
DORITOS XVL COOL RANCH 2.875Z! cmp FLIPZ 054 WHITE FUDGE PRETZ 5Z=-1
DORITOS XVL NACHO 2.875Z     ! cmp FLIPZ 054 WHITE FUDGE PRETZ 5Z=-1
FLIPZ 054 WHITE FUDGE PRETZ 5Z cmp FRITO XVL CORN CHIP ORIG 4Z !=-1
FRITO XVL CORN CHIP ORIG 4Z ! cmp GARDETTOS 43024 CHIPOLE CHED5.=-1
GARDETTOS 43024 CHIPOLE CHED5. cmp LAY'S XVL REGULAR 2.5Z       !=-1
LAY'S XVL REGULAR 2.5Z       ! cmp GARDETTOS 43036 ROASTD GARLC4.=1
LAY'S XVL REGULAR 2.5Z       ! cmp GARDETTOS 43037 ORIGINAL 5.5Z=1
LAY'S XVL REGULAR 2.5Z       ! cmp KEEBLER CHEESE/CHEDDAR 8CT=1
LAY'S XVL REGULAR 2.5Z       ! cmp KEEBLER CHEESE/PB CRKR 8CT=1
LAY'S XVL REGULAR 2.5Z       ! cmp KEEBLER TOAST/PB CRACKER 8CT=1
LAY'S XVL REGULAR 2.5Z       ! cmp KIND ALMOND & APRICOT 1.4Z=1
LAY'S XVL REGULAR 2.5Z       ! cmp KIND ALMOND & COCONUT 1.4Z=1
LAY'S XVL REGULAR 2.5Z       ! cmp KIND DK CHOC CHERRY CASHEW 1.4=1
LAY'S XVL REGULAR 2.5Z       ! cmp KIND PLUS CRANBRY ALMOND 1.4Z=1
LAY'S XVL REGULAR 2.5Z       ! cmp NUTRI-GRAIN BLUEBERRY 1.3Z=-1
LAY'S XVL REGULAR 2.5Z       ! cmp LUNA BAR SMORES 1.69 OZ=-1
LAY'S XVL REGULAR 2.5Z       ! cmp LUNA BAR LEMON ZEST 1.69Z=-1
LAY'S XVL REGULAR 2.5Z       ! cmp KIND VAN/BLBRY/FLAX CLSTRS 11Z=1
SUNCHIPS XVL CHEDDAR 2.75Z   ! cmp LUNA BAR LEMON ZEST 1.69Z=1
SUNCHIPS XVL CHEDDAR 2.75Z   ! cmp LUNA BAR NUTZ OVER CHOC 1.69Z=1
SUNCHIPS XVL CHEDDAR 2.75Z   ! cmp LUNA BAR SMORES 1.69 OZ=1
SUNCHIPS XVL CHEDDAR 2.75Z   ! cmp NAT VAL OATS & HON 1.5Z     !=1
SUNCHIPS XVL CHEDDAR 2.75Z   ! cmp NAT VAL PNUT BUTT 1.5Z      !=1
SUNCHIPS XVL CHEDDAR 2.75Z   ! cmp NUTELLA & GO! 1.8Z=1
SUNCHIPS XVL CHEDDAR 2.75Z   ! cmp NUTRI-GRAIN BLUEBERRY 1.3Z=1
SUNCHIPS XVL CHEDDAR 2.75Z   ! cmp ODWALLA BAR BERRIES GO MEGA 2Z=1
SUNCHIPS XVL CHEDDAR 2.75Z   ! cmp POWER BAR HARVEST STRAW 2.3Z !=1
SUNCHIPS XVL CHEDDAR 2.75Z   ! cmp SNYDERS PRETZ SAND CHEESE 2.2Z=1
SUNCHIPS XVL CHEDDAR 2.75Z   ! cmp ZONEPERFECT BAR FUDGE GRAHM=-1
SUNCHIPS XVL CHEDDAR 2.75Z   ! cmp SNYDERS PRETZ SSS OLDTYM 2.75Z=1
SUNCHIPS XVL CHEDDAR 2.75Z   ! cmp TGI FRIDAY CHD&SC POT SKIN 3Z!=-1
SUNCHIPS XVL CHEDDAR 2.75Z   ! cmp TEDDY GRAHAMS HNY SNAK-SAK 8Z=-1
